------------------------------------------------------------------------------------------------------------------------

[2018-11-07 14:03:07 #1 store] 
Database 'C:\Users\COP100PER\IdeaProjects\test_ooad\objectdb\db\AccountDB.odb' is opened by 10628@DESKTOP-8KJON6P

[2018-11-07 14:03:07 #2 store] 
Configuration path: C:\Users\COP100PER\IdeaProjects\test_ooad\objectdb\objectdb.conf

[2018-11-07 14:03:07 #3 type.registry] 
New type ooad.Account

[2018-11-07 14:03:07 #4 type] 
Type ooad.Account is not enhanced.

[2018-11-07 14:03:07 #5 store] 
Database 'C:\Users\COP100PER\IdeaProjects\test_ooad\objectdb\db\AccountDB.odb' is closed by 10628@DESKTOP-8KJON6P

[2018-11-07 14:03:07 #6 store] 
Database 'C:\Users\COP100PER\IdeaProjects\test_ooad\objectdb\db\AccountDB.odb' is opened by 10628@DESKTOP-8KJON6P

[2018-11-07 14:03:07 #7 store] 
Configuration path: C:\Users\COP100PER\IdeaProjects\test_ooad\objectdb\objectdb.conf

[2018-11-07 14:03:07 #8 store] 
Database 'C:\Users\COP100PER\IdeaProjects\test_ooad\objectdb\db\AccountDB.odb' is closed by 10628@DESKTOP-8KJON6P

[2018-11-07 14:03:07 #9 store] 
Database 'C:\Users\COP100PER\IdeaProjects\test_ooad\objectdb\db\AccountDB.odb' is opened by 10628@DESKTOP-8KJON6P

[2018-11-07 14:03:07 #10 store] 
Configuration path: C:\Users\COP100PER\IdeaProjects\test_ooad\objectdb\objectdb.conf

[2018-11-07 14:03:07 #11 store] 
Database 'C:\Users\COP100PER\IdeaProjects\test_ooad\objectdb\db\AccountDB.odb' is closed by 10628@DESKTOP-8KJON6P

[2018-11-07 14:03:07 #12 store] 
Database 'C:\Users\COP100PER\IdeaProjects\test_ooad\objectdb\db\AccountDB.odb' is opened by 10628@DESKTOP-8KJON6P

[2018-11-07 14:03:07 #13 store] 
Configuration path: C:\Users\COP100PER\IdeaProjects\test_ooad\objectdb\objectdb.conf

[2018-11-07 14:03:07 #14 store] 
Database 'C:\Users\COP100PER\IdeaProjects\test_ooad\objectdb\db\AccountDB.odb' is closed by 10628@DESKTOP-8KJON6P

[2018-11-07 14:03:07 #15 store] 
Database 'C:\Users\COP100PER\IdeaProjects\test_ooad\objectdb\db\AccountDB.odb' is opened by 10628@DESKTOP-8KJON6P

[2018-11-07 14:03:07 #16 store] 
Configuration path: C:\Users\COP100PER\IdeaProjects\test_ooad\objectdb\objectdb.conf

[2018-11-07 14:03:07 #17 store] 
Database 'C:\Users\COP100PER\IdeaProjects\test_ooad\objectdb\db\AccountDB.odb' is closed by 10628@DESKTOP-8KJON6P

[2018-11-07 14:03:07 #18 store] 
Database 'C:\Users\COP100PER\IdeaProjects\test_ooad\objectdb\db\AccountDB.odb' is opened by 10628@DESKTOP-8KJON6P

[2018-11-07 14:03:07 #19 store] 
Configuration path: C:\Users\COP100PER\IdeaProjects\test_ooad\objectdb\objectdb.conf

[2018-11-07 14:03:07 #20 store] 
Database 'C:\Users\COP100PER\IdeaProjects\test_ooad\objectdb\db\AccountDB.odb' is closed by 10628@DESKTOP-8KJON6P

[2018-11-07 14:03:07 #21 store] 
Database 'C:\Users\COP100PER\IdeaProjects\test_ooad\objectdb\db\AccountDB.odb' is opened by 10628@DESKTOP-8KJON6P

[2018-11-07 14:03:07 #22 store] 
Configuration path: C:\Users\COP100PER\IdeaProjects\test_ooad\objectdb\objectdb.conf

[2018-11-07 14:03:07 #23 store] 
Database 'C:\Users\COP100PER\IdeaProjects\test_ooad\objectdb\db\AccountDB.odb' is closed by 10628@DESKTOP-8KJON6P

[2018-11-07 14:03:07 #24 store] 
Database 'C:\Users\COP100PER\IdeaProjects\test_ooad\objectdb\db\AccountDB.odb' is opened by 10628@DESKTOP-8KJON6P

[2018-11-07 14:03:07 #25 store] 
Configuration path: C:\Users\COP100PER\IdeaProjects\test_ooad\objectdb\objectdb.conf

[2018-11-07 14:03:07 #26 store] 
Database 'C:\Users\COP100PER\IdeaProjects\test_ooad\objectdb\db\AccountDB.odb' is closed by 10628@DESKTOP-8KJON6P

[2018-11-07 14:03:07 #27 store] 
Database 'C:\Users\COP100PER\IdeaProjects\test_ooad\objectdb\db\AccountDB.odb' is opened by 10628@DESKTOP-8KJON6P

[2018-11-07 14:03:07 #28 store] 
Configuration path: C:\Users\COP100PER\IdeaProjects\test_ooad\objectdb\objectdb.conf

[2018-11-07 14:03:07 #29 store] 
Database 'C:\Users\COP100PER\IdeaProjects\test_ooad\objectdb\db\AccountDB.odb' is closed by 10628@DESKTOP-8KJON6P

[2018-11-07 14:03:07 #30 store] 
Database 'C:\Users\COP100PER\IdeaProjects\test_ooad\objectdb\db\AccountDB.odb' is opened by 10628@DESKTOP-8KJON6P

[2018-11-07 14:03:07 #31 store] 
Configuration path: C:\Users\COP100PER\IdeaProjects\test_ooad\objectdb\objectdb.conf

[2018-11-07 14:03:07 #32 store] 
Database 'C:\Users\COP100PER\IdeaProjects\test_ooad\objectdb\db\AccountDB.odb' is closed by 10628@DESKTOP-8KJON6P

[2018-11-07 14:03:07 #33 store] 
Database 'C:\Users\COP100PER\IdeaProjects\test_ooad\objectdb\db\AccountDB.odb' is opened by 10628@DESKTOP-8KJON6P

[2018-11-07 14:03:07 #34 store] 
Configuration path: C:\Users\COP100PER\IdeaProjects\test_ooad\objectdb\objectdb.conf

[2018-11-07 14:03:07 #35 store] 
Database 'C:\Users\COP100PER\IdeaProjects\test_ooad\objectdb\db\AccountDB.odb' is closed by 10628@DESKTOP-8KJON6P

------------------------------------------------------------------------------------------------------------------------

[2018-11-07 14:04:05 #1 store] 
Database 'C:\Users\COP100PER\IdeaProjects\test_ooad\objectdb\db\AccountDB.odb' is opened by 10536@DESKTOP-8KJON6P

[2018-11-07 14:04:05 #2 store] 
Configuration path: C:\Users\COP100PER\IdeaProjects\test_ooad\objectdb\objectdb.conf

[2018-11-07 14:04:57 #3 store] 
Database 'C:\Users\COP100PER\IdeaProjects\test_ooad\objectdb\db\AccountDB.odb' is closed by 10536@DESKTOP-8KJON6P

------------------------------------------------------------------------------------------------------------------------

[2018-11-07 15:29:20 #1 store] 
Database 'C:\Users\COP100PER\IdeaProjects\test_ooad\objectdb\db\AccountDB.odb' is opened by 11772@DESKTOP-8KJON6P

[2018-11-07 15:29:20 #2 store] 
Configuration path: C:\Users\COP100PER\IdeaProjects\test_ooad\objectdb\objectdb.conf

[2018-11-07 15:29:37 #3 store] 
Database 'C:\Users\COP100PER\IdeaProjects\test_ooad\objectdb\db\AccountDB.odb' is closed by 11772@DESKTOP-8KJON6P

