------------------------------------------------------------------------------------------------------------------------

[2018-11-15 00:00:15 #1 store] 
Database 'E:\IMA_OOAD\objectdb\db\AccountDB.odb' has been recovered (tr. 293-299)

[2018-11-15 00:00:15 #2 store] 
Database 'E:\IMA_OOAD\objectdb\db\AccountDB.odb' is opened by 53744@DESKTOP-CBH5LMM

[2018-11-15 00:00:15 #3 store] 
Configuration path: E:\IMA_OOAD\objectdb\objectdb.conf

[2018-11-15 00:00:15 #4 type] 
Type classss.Account is not enhanced.

[2018-11-15 00:00:15 #5 type] 
Type classss.Student is not enhanced.

[2018-11-15 00:00:15 #6 type] 
Type classss.Subject is not enhanced.

[2018-11-15 00:00:15 #7 type] 
Type classss.Teacher is not enhanced.

[2018-11-15 00:00:15 #8 type] 
Type classss.Announcement is not enhanced.

[2018-11-15 00:00:15 #9 type] 
Type classss.Score is not enhanced.

------------------------------------------------------------------------------------------------------------------------

[2018-11-15 00:01:16 #1 store] 
Database 'E:\IMA_OOAD\objectdb\db\AccountDB.odb' has been recovered (tr. 300-306)

[2018-11-15 00:01:16 #2 store] 
Database 'E:\IMA_OOAD\objectdb\db\AccountDB.odb' is opened by 20152@DESKTOP-CBH5LMM

[2018-11-15 00:01:16 #3 store] 
Configuration path: E:\IMA_OOAD\objectdb\objectdb.conf

[2018-11-15 00:01:16 #4 type] 
Type classss.Account is not enhanced.

[2018-11-15 00:01:16 #5 type] 
Type classss.Student is not enhanced.

[2018-11-15 00:01:16 #6 type] 
Type classss.Subject is not enhanced.

[2018-11-15 00:01:16 #7 type] 
Type classss.Teacher is not enhanced.

[2018-11-15 00:01:16 #8 type] 
Type classss.Announcement is not enhanced.

[2018-11-15 00:01:16 #9 type] 
Type classss.Score is not enhanced.

------------------------------------------------------------------------------------------------------------------------

[2018-11-15 00:04:27 #1 store] 
Database 'E:\IMA_OOAD\objectdb\db\AccountDB.odb' has been recovered (tr. 307-316)

[2018-11-15 00:04:27 #2 store] 
Database 'E:\IMA_OOAD\objectdb\db\AccountDB.odb' is opened by 44064@DESKTOP-CBH5LMM

[2018-11-15 00:04:27 #3 store] 
Configuration path: E:\IMA_OOAD\objectdb\objectdb.conf

[2018-11-15 00:04:27 #4 type] 
Type classss.Account is not enhanced.

[2018-11-15 00:04:27 #5 type] 
Type classss.Student is not enhanced.

[2018-11-15 00:04:27 #6 type] 
Type classss.Subject is not enhanced.

[2018-11-15 00:04:27 #7 type] 
Type classss.Teacher is not enhanced.

[2018-11-15 00:04:27 #8 type] 
Type classss.Announcement is not enhanced.

[2018-11-15 00:04:27 #9 type] 
Type classss.Score is not enhanced.

------------------------------------------------------------------------------------------------------------------------

[2018-11-15 00:06:03 #1 store] 
Database 'E:\IMA_OOAD\objectdb\db\AccountDB.odb' has been recovered (tr. 317-319)

[2018-11-15 00:06:03 #2 store] 
Database 'E:\IMA_OOAD\objectdb\db\AccountDB.odb' is opened by 9564@DESKTOP-CBH5LMM

[2018-11-15 00:06:03 #3 store] 
Configuration path: E:\IMA_OOAD\objectdb\objectdb.conf

[2018-11-15 00:06:03 #4 type] 
Type classss.Account is not enhanced.

[2018-11-15 00:06:03 #5 type] 
Type classss.Student is not enhanced.

[2018-11-15 00:06:03 #6 type] 
Type classss.Subject is not enhanced.

[2018-11-15 00:06:03 #7 type] 
Type classss.Teacher is not enhanced.

[2018-11-15 00:06:03 #8 type] 
Type classss.Announcement is not enhanced.

[2018-11-15 00:06:03 #9 type] 
Type classss.Score is not enhanced.

------------------------------------------------------------------------------------------------------------------------

[2018-11-15 00:08:19 #1 store] 
Database 'E:\IMA_OOAD\objectdb\db\AccountDB.odb' has been recovered (tr. 320-329)

[2018-11-15 00:08:19 #2 store] 
Database 'E:\IMA_OOAD\objectdb\db\AccountDB.odb' is opened by 6176@DESKTOP-CBH5LMM

[2018-11-15 00:08:19 #3 store] 
Configuration path: E:\IMA_OOAD\objectdb\objectdb.conf

[2018-11-15 00:08:19 #4 type] 
Type classss.Account is not enhanced.

[2018-11-15 00:08:19 #5 type] 
Type classss.Student is not enhanced.

[2018-11-15 00:08:19 #6 type] 
Type classss.Subject is not enhanced.

[2018-11-15 00:08:19 #7 type] 
Type classss.Teacher is not enhanced.

[2018-11-15 00:08:19 #8 type] 
Type classss.Announcement is not enhanced.

[2018-11-15 00:08:19 #9 type] 
Type classss.Score is not enhanced.

------------------------------------------------------------------------------------------------------------------------

[2018-11-15 00:10:27 #1 store] 
Database 'E:\IMA_OOAD\objectdb\db\AccountDB.odb' has been recovered (tr. 330-337)

[2018-11-15 00:10:27 #2 store] 
Database 'E:\IMA_OOAD\objectdb\db\AccountDB.odb' is opened by 26124@DESKTOP-CBH5LMM

[2018-11-15 00:10:27 #3 store] 
Configuration path: E:\IMA_OOAD\objectdb\objectdb.conf

[2018-11-15 00:10:27 #4 type] 
Type classss.Account is not enhanced.

[2018-11-15 00:10:27 #5 type] 
Type classss.Student is not enhanced.

[2018-11-15 00:10:27 #6 type] 
Type classss.Subject is not enhanced.

[2018-11-15 00:10:27 #7 type] 
Type classss.Teacher is not enhanced.

[2018-11-15 00:10:27 #8 type] 
Type classss.Announcement is not enhanced.

[2018-11-15 00:10:27 #9 type] 
Type classss.Score is not enhanced.

------------------------------------------------------------------------------------------------------------------------

[2018-11-15 00:13:07 #1 store] 
Database 'E:\IMA_OOAD\objectdb\db\AccountDB.odb' has been recovered (tr. 338-344)

[2018-11-15 00:13:07 #2 store] 
Database 'E:\IMA_OOAD\objectdb\db\AccountDB.odb' is opened by 43040@DESKTOP-CBH5LMM

[2018-11-15 00:13:07 #3 store] 
Configuration path: E:\IMA_OOAD\objectdb\objectdb.conf

[2018-11-15 00:13:07 #4 type] 
Type classss.Account is not enhanced.

[2018-11-15 00:13:07 #5 type] 
Type classss.Student is not enhanced.

[2018-11-15 00:13:07 #6 type] 
Type classss.Subject is not enhanced.

[2018-11-15 00:13:07 #7 type] 
Type classss.Teacher is not enhanced.

[2018-11-15 00:13:07 #8 type] 
Type classss.Announcement is not enhanced.

[2018-11-15 00:13:07 #9 type] 
Type classss.Score is not enhanced.

------------------------------------------------------------------------------------------------------------------------

[2018-11-15 00:14:21 #1 store] 
Database 'E:\IMA_OOAD\objectdb\db\AccountDB.odb' has been recovered (tr. 345-348)

[2018-11-15 00:14:21 #2 store] 
Database 'E:\IMA_OOAD\objectdb\db\AccountDB.odb' is opened by 34832@DESKTOP-CBH5LMM

[2018-11-15 00:14:21 #3 store] 
Configuration path: E:\IMA_OOAD\objectdb\objectdb.conf

[2018-11-15 00:14:21 #4 type] 
Type classss.Account is not enhanced.

[2018-11-15 00:14:21 #5 type] 
Type classss.Student is not enhanced.

[2018-11-15 00:14:21 #6 type] 
Type classss.Subject is not enhanced.

[2018-11-15 00:14:21 #7 type] 
Type classss.Teacher is not enhanced.

[2018-11-15 00:14:21 #8 type] 
Type classss.Announcement is not enhanced.

[2018-11-15 00:14:21 #9 type] 
Type classss.Score is not enhanced.

------------------------------------------------------------------------------------------------------------------------

[2018-11-15 00:15:51 #1 store] 
Database 'E:\IMA_OOAD\objectdb\db\AccountDB.odb' has been recovered (tr. 349-353)

[2018-11-15 00:15:51 #2 store] 
Database 'E:\IMA_OOAD\objectdb\db\AccountDB.odb' is opened by 50136@DESKTOP-CBH5LMM

[2018-11-15 00:15:51 #3 store] 
Configuration path: E:\IMA_OOAD\objectdb\objectdb.conf

[2018-11-15 00:15:51 #4 type] 
Type classss.Account is not enhanced.

[2018-11-15 00:15:51 #5 type] 
Type classss.Student is not enhanced.

[2018-11-15 00:15:51 #6 type] 
Type classss.Subject is not enhanced.

[2018-11-15 00:15:51 #7 type] 
Type classss.Teacher is not enhanced.

[2018-11-15 00:15:51 #8 type] 
Type classss.Announcement is not enhanced.

[2018-11-15 00:15:51 #9 type] 
Type classss.Score is not enhanced.

------------------------------------------------------------------------------------------------------------------------

[2018-11-15 00:16:27 #1 store] 
Database 'E:\IMA_OOAD\objectdb\db\AccountDB.odb' has been recovered (tr. 354-354)

[2018-11-15 00:16:27 #2 store] 
Database 'E:\IMA_OOAD\objectdb\db\AccountDB.odb' is opened by 29784@DESKTOP-CBH5LMM

[2018-11-15 00:16:27 #3 store] 
Configuration path: E:\IMA_OOAD\objectdb\objectdb.conf

[2018-11-15 00:16:27 #4 type] 
Type classss.Account is not enhanced.

[2018-11-15 00:16:27 #5 type] 
Type classss.Student is not enhanced.

[2018-11-15 00:16:27 #6 type] 
Type classss.Subject is not enhanced.

[2018-11-15 00:16:27 #7 type] 
Type classss.Teacher is not enhanced.

[2018-11-15 00:16:27 #8 type] 
Type classss.Announcement is not enhanced.

[2018-11-15 00:16:27 #9 type] 
Type classss.Score is not enhanced.

------------------------------------------------------------------------------------------------------------------------

[2018-11-15 00:17:44 #1 store] 
Database 'E:\IMA_OOAD\objectdb\db\AccountDB.odb' has been recovered (tr. 355-360)

[2018-11-15 00:17:44 #2 store] 
Database 'E:\IMA_OOAD\objectdb\db\AccountDB.odb' is opened by 32728@DESKTOP-CBH5LMM

[2018-11-15 00:17:44 #3 store] 
Configuration path: E:\IMA_OOAD\objectdb\objectdb.conf

[2018-11-15 00:17:44 #4 type] 
Type classss.Account is not enhanced.

[2018-11-15 00:17:44 #5 type] 
Type classss.Student is not enhanced.

[2018-11-15 00:17:44 #6 type] 
Type classss.Subject is not enhanced.

[2018-11-15 00:17:44 #7 type] 
Type classss.Teacher is not enhanced.

[2018-11-15 00:17:44 #8 type] 
Type classss.Announcement is not enhanced.

[2018-11-15 00:17:44 #9 type] 
Type classss.Score is not enhanced.

------------------------------------------------------------------------------------------------------------------------

[2018-11-15 00:21:34 #1 store] 
Database 'E:\IMA_OOAD\objectdb\db\AccountDB.odb' has been recovered (tr. 361-378)

[2018-11-15 00:21:34 #2 store] 
Database 'E:\IMA_OOAD\objectdb\db\AccountDB.odb' is opened by 42752@DESKTOP-CBH5LMM

[2018-11-15 00:21:34 #3 store] 
Configuration path: E:\IMA_OOAD\objectdb\objectdb.conf

[2018-11-15 00:21:34 #4 type] 
Type classss.Account is not enhanced.

[2018-11-15 00:21:34 #5 type] 
Type classss.Student is not enhanced.

[2018-11-15 00:21:34 #6 type] 
Type classss.Subject is not enhanced.

[2018-11-15 00:21:34 #7 type] 
Type classss.Teacher is not enhanced.

[2018-11-15 00:21:34 #8 type] 
Type classss.Announcement is not enhanced.

[2018-11-15 00:21:34 #9 type] 
Type classss.Score is not enhanced.

------------------------------------------------------------------------------------------------------------------------

[2018-11-15 00:23:51 #1 store] 
Database 'E:\IMA_OOAD\objectdb\db\AccountDB.odb' has been recovered (tr. 379-390)

[2018-11-15 00:23:51 #2 store] 
Database 'E:\IMA_OOAD\objectdb\db\AccountDB.odb' is opened by 41068@DESKTOP-CBH5LMM

[2018-11-15 00:23:51 #3 store] 
Configuration path: E:\IMA_OOAD\objectdb\objectdb.conf

[2018-11-15 00:23:51 #4 type] 
Type classss.Account is not enhanced.

[2018-11-15 00:23:51 #5 type] 
Type classss.Student is not enhanced.

[2018-11-15 00:23:51 #6 type] 
Type classss.Subject is not enhanced.

[2018-11-15 00:23:51 #7 type] 
Type classss.Teacher is not enhanced.

[2018-11-15 00:23:51 #8 type] 
Type classss.Announcement is not enhanced.

[2018-11-15 00:23:51 #9 type] 
Type classss.Score is not enhanced.

------------------------------------------------------------------------------------------------------------------------

[2018-11-15 00:24:11 #1 store] 
Database 'E:\IMA_OOAD\objectdb\db\AccountDB.odb' is opened by 23604@DESKTOP-CBH5LMM

[2018-11-15 00:24:11 #2 store] 
Configuration path: E:\IMA_OOAD\objectdb\objectdb.conf

[2018-11-15 00:24:11 #3 type] 
Type classss.Account is not enhanced.

[2018-11-15 00:24:11 #4 type] 
Type classss.Student is not enhanced.

[2018-11-15 00:24:11 #5 type] 
Type classss.Subject is not enhanced.

[2018-11-15 00:24:11 #6 type] 
Type classss.Teacher is not enhanced.

[2018-11-15 00:24:11 #7 type] 
Type classss.Announcement is not enhanced.

[2018-11-15 00:24:11 #8 type] 
Type classss.Score is not enhanced.

------------------------------------------------------------------------------------------------------------------------

[2018-11-15 01:22:05 #1 store] 
Database 'E:\IMA_OOAD\objectdb\db\AccountDB.odb' has been recovered (tr. 391-393)

[2018-11-15 01:22:05 #2 store] 
Database 'E:\IMA_OOAD\objectdb\db\AccountDB.odb' is opened by 48432@DESKTOP-CBH5LMM

[2018-11-15 01:22:05 #3 store] 
Configuration path: E:\IMA_OOAD\objectdb\objectdb.conf

[2018-11-15 01:22:05 #4 type] 
Type classss.Account is not enhanced.

[2018-11-15 01:22:05 #5 type] 
Type classss.Student is not enhanced.

[2018-11-15 01:22:05 #6 type] 
Type classss.Subject is not enhanced.

[2018-11-15 01:22:05 #7 type] 
Type classss.Teacher is not enhanced.

[2018-11-15 01:22:05 #8 type] 
Type classss.Announcement is not enhanced.

[2018-11-15 01:22:05 #9 type] 
Type classss.Score is not enhanced.

------------------------------------------------------------------------------------------------------------------------

[2018-11-15 01:26:41 #1 store] 
Database 'E:\IMA_OOAD\objectdb\db\AccountDB.odb' has been recovered (tr. 394-395)

[2018-11-15 01:26:42 #2 store] 
Database 'E:\IMA_OOAD\objectdb\db\AccountDB.odb' is opened by 33080@DESKTOP-CBH5LMM

[2018-11-15 01:26:42 #3 store] 
Configuration path: E:\IMA_OOAD\objectdb\objectdb.conf

[2018-11-15 01:26:42 #4 type] 
Type classss.Account is not enhanced.

[2018-11-15 01:26:42 #5 type] 
Type classss.Student is not enhanced.

[2018-11-15 01:26:42 #6 type] 
Type classss.Subject is not enhanced.

[2018-11-15 01:26:42 #7 type] 
Type classss.Teacher is not enhanced.

[2018-11-15 01:26:42 #8 type] 
Type classss.Announcement is not enhanced.

[2018-11-15 01:26:42 #9 type] 
Type classss.Score is not enhanced.

------------------------------------------------------------------------------------------------------------------------

[2018-11-15 01:28:22 #1 store] 
Database 'E:\IMA_OOAD\objectdb\db\AccountDB.odb' is opened by 44732@DESKTOP-CBH5LMM

[2018-11-15 01:28:22 #2 store] 
Configuration path: E:\IMA_OOAD\objectdb\objectdb.conf

[2018-11-15 01:28:22 #3 type] 
Type classss.Account is not enhanced.

[2018-11-15 01:28:22 #4 type] 
Type classss.Student is not enhanced.

[2018-11-15 01:28:22 #5 type] 
Type classss.Subject is not enhanced.

[2018-11-15 01:28:22 #6 type] 
Type classss.Teacher is not enhanced.

[2018-11-15 01:28:22 #7 type] 
Type classss.Announcement is not enhanced.

[2018-11-15 01:28:22 #8 type] 
Type classss.Score is not enhanced.

------------------------------------------------------------------------------------------------------------------------

[2018-11-15 01:29:27 #1 store] 
Database 'E:\IMA_OOAD\objectdb\db\AccountDB.odb' is opened by 2872@DESKTOP-CBH5LMM

[2018-11-15 01:29:27 #2 store] 
Configuration path: E:\IMA_OOAD\objectdb\objectdb.conf

[2018-11-15 01:29:27 #3 type] 
Type classss.Account is not enhanced.

[2018-11-15 01:29:27 #4 type] 
Type classss.Student is not enhanced.

[2018-11-15 01:29:27 #5 type] 
Type classss.Subject is not enhanced.

[2018-11-15 01:29:27 #6 type] 
Type classss.Teacher is not enhanced.

[2018-11-15 01:29:27 #7 type] 
Type classss.Announcement is not enhanced.

[2018-11-15 01:29:27 #8 type] 
Type classss.Score is not enhanced.

------------------------------------------------------------------------------------------------------------------------

[2018-11-15 01:30:10 #1 store] 
Database 'E:\IMA_OOAD\objectdb\db\AccountDB.odb' is opened by 28848@DESKTOP-CBH5LMM

[2018-11-15 01:30:10 #2 store] 
Configuration path: E:\IMA_OOAD\objectdb\objectdb.conf

[2018-11-15 01:30:10 #3 type] 
Type classss.Account is not enhanced.

[2018-11-15 01:30:10 #4 type] 
Type classss.Student is not enhanced.

[2018-11-15 01:30:10 #5 type] 
Type classss.Subject is not enhanced.

[2018-11-15 01:30:10 #6 type] 
Type classss.Teacher is not enhanced.

[2018-11-15 01:30:10 #7 type] 
Type classss.Announcement is not enhanced.

[2018-11-15 01:30:10 #8 type] 
Type classss.Score is not enhanced.

------------------------------------------------------------------------------------------------------------------------

[2018-11-15 01:31:02 #1 store] 
Database 'E:\IMA_OOAD\objectdb\db\AccountDB.odb' is opened by 30488@DESKTOP-CBH5LMM

[2018-11-15 01:31:02 #2 store] 
Configuration path: E:\IMA_OOAD\objectdb\objectdb.conf

[2018-11-15 01:31:02 #3 type] 
Type classss.Account is not enhanced.

[2018-11-15 01:31:02 #4 type] 
Type classss.Student is not enhanced.

[2018-11-15 01:31:02 #5 type] 
Type classss.Subject is not enhanced.

[2018-11-15 01:31:02 #6 type] 
Type classss.Teacher is not enhanced.

[2018-11-15 01:31:02 #7 type] 
Type classss.Announcement is not enhanced.

[2018-11-15 01:31:02 #8 type] 
Type classss.Score is not enhanced.

------------------------------------------------------------------------------------------------------------------------

[2018-11-15 01:39:09 #1 store] 
Database 'E:\IMA_OOAD\objectdb\db\AccountDB.odb' is opened by 15800@DESKTOP-CBH5LMM

[2018-11-15 01:39:09 #2 store] 
Configuration path: E:\IMA_OOAD\objectdb\objectdb.conf

[2018-11-15 01:39:09 #3 type] 
Type classss.Account is not enhanced.

[2018-11-15 01:39:09 #4 type] 
Type classss.Student is not enhanced.

[2018-11-15 01:39:09 #5 type] 
Type classss.Subject is not enhanced.

[2018-11-15 01:39:09 #6 type] 
Type classss.Teacher is not enhanced.

[2018-11-15 01:39:09 #7 type] 
Type classss.Announcement is not enhanced.

[2018-11-15 01:39:09 #8 type] 
Type classss.Score is not enhanced.

------------------------------------------------------------------------------------------------------------------------

[2018-11-15 01:48:50 #1 store] 
Database 'E:\IMA_OOAD\objectdb\db\AccountDB.odb' is opened by 25404@DESKTOP-CBH5LMM

[2018-11-15 01:48:50 #2 store] 
Configuration path: E:\IMA_OOAD\objectdb\objectdb.conf

[2018-11-15 01:48:50 #3 type] 
Type classss.Account is not enhanced.

[2018-11-15 01:48:50 #4 type] 
Type classss.Student is not enhanced.

[2018-11-15 01:48:50 #5 type] 
Type classss.Subject is not enhanced.

[2018-11-15 01:48:50 #6 type] 
Type classss.Teacher is not enhanced.

[2018-11-15 01:48:50 #7 type] 
Type classss.Announcement is not enhanced.

[2018-11-15 01:48:50 #8 type] 
Type classss.Score is not enhanced.

------------------------------------------------------------------------------------------------------------------------

[2018-11-15 01:50:20 #1 store] 
Database 'E:\IMA_OOAD\objectdb\db\AccountDB.odb' is opened by 50288@DESKTOP-CBH5LMM

[2018-11-15 01:50:20 #2 store] 
Configuration path: E:\IMA_OOAD\objectdb\objectdb.conf

[2018-11-15 01:50:20 #3 type] 
Type classss.Account is not enhanced.

[2018-11-15 01:50:20 #4 type] 
Type classss.Student is not enhanced.

[2018-11-15 01:50:20 #5 type] 
Type classss.Subject is not enhanced.

[2018-11-15 01:50:20 #6 type] 
Type classss.Teacher is not enhanced.

[2018-11-15 01:50:20 #7 type] 
Type classss.Announcement is not enhanced.

[2018-11-15 01:50:20 #8 type] 
Type classss.Score is not enhanced.

------------------------------------------------------------------------------------------------------------------------

[2018-11-15 01:50:49 #1 store] 
Database 'E:\IMA_OOAD\objectdb\db\AccountDB.odb' is opened by 1532@DESKTOP-CBH5LMM

[2018-11-15 01:50:49 #2 store] 
Configuration path: E:\IMA_OOAD\objectdb\objectdb.conf

[2018-11-15 01:50:49 #3 type] 
Type classss.Account is not enhanced.

[2018-11-15 01:50:49 #4 type] 
Type classss.Student is not enhanced.

[2018-11-15 01:50:49 #5 type] 
Type classss.Subject is not enhanced.

[2018-11-15 01:50:49 #6 type] 
Type classss.Teacher is not enhanced.

[2018-11-15 01:50:49 #7 type] 
Type classss.Announcement is not enhanced.

[2018-11-15 01:50:49 #8 type] 
Type classss.Score is not enhanced.

------------------------------------------------------------------------------------------------------------------------

[2018-11-15 02:05:43 #1 store] 
Database 'E:\IMA_OOAD\objectdb\db\AccountDB.odb' is opened by 23728@DESKTOP-CBH5LMM

[2018-11-15 02:05:43 #2 store] 
Configuration path: E:\IMA_OOAD\objectdb\objectdb.conf

[2018-11-15 02:05:44 #3 type] 
Type classss.Account is not enhanced.

[2018-11-15 02:05:44 #4 type] 
Type classss.Student is not enhanced.

[2018-11-15 02:05:44 #5 type] 
Type classss.Subject is not enhanced.

[2018-11-15 02:05:44 #6 type] 
Type classss.Teacher is not enhanced.

[2018-11-15 02:05:44 #7 type] 
Type classss.Announcement is not enhanced.

[2018-11-15 02:05:44 #8 type] 
Type classss.Score is not enhanced.

------------------------------------------------------------------------------------------------------------------------

[2018-11-15 02:08:21 #1 store] 
Database 'E:\IMA_OOAD\objectdb\db\AccountDB.odb' has been recovered (tr. 396-397)

[2018-11-15 02:08:21 #2 store] 
Database 'E:\IMA_OOAD\objectdb\db\AccountDB.odb' is opened by 26304@DESKTOP-CBH5LMM

[2018-11-15 02:08:21 #3 store] 
Configuration path: E:\IMA_OOAD\objectdb\objectdb.conf

[2018-11-15 02:08:22 #4 type] 
Type classss.Account is not enhanced.

[2018-11-15 02:08:22 #5 type] 
Type classss.Student is not enhanced.

[2018-11-15 02:08:22 #6 type] 
Type classss.Subject is not enhanced.

[2018-11-15 02:08:22 #7 type] 
Type classss.Teacher is not enhanced.

[2018-11-15 02:08:22 #8 type] 
Type classss.Announcement is not enhanced.

[2018-11-15 02:08:22 #9 type] 
Type classss.Score is not enhanced.

------------------------------------------------------------------------------------------------------------------------

[2018-11-15 02:12:41 #1 store] 
Database 'E:\IMA_OOAD\objectdb\db\AccountDB.odb' has been recovered (tr. 398-404)

[2018-11-15 02:12:41 #2 store] 
Database 'E:\IMA_OOAD\objectdb\db\AccountDB.odb' is opened by 31036@DESKTOP-CBH5LMM

[2018-11-15 02:12:41 #3 store] 
Configuration path: E:\IMA_OOAD\objectdb\objectdb.conf

[2018-11-15 02:12:41 #4 type] 
Type classss.Account is not enhanced.

[2018-11-15 02:12:41 #5 type] 
Type classss.Student is not enhanced.

[2018-11-15 02:12:41 #6 type] 
Type classss.Subject is not enhanced.

[2018-11-15 02:12:41 #7 type] 
Type classss.Teacher is not enhanced.

[2018-11-15 02:12:41 #8 type] 
Type classss.Announcement is not enhanced.

[2018-11-15 02:12:41 #9 type] 
Type classss.Score is not enhanced.

------------------------------------------------------------------------------------------------------------------------

[2018-11-15 09:20:54 #1 store] 
Database 'E:\IMA_OOAD\objectdb\db\AccountDB.odb' has been recovered (tr. 405-406)

[2018-11-15 09:20:54 #2 store] 
Database 'E:\IMA_OOAD\objectdb\db\AccountDB.odb' is opened by 12640@DESKTOP-CBH5LMM

[2018-11-15 09:20:54 #3 store] 
Configuration path: E:\IMA_OOAD\objectdb\objectdb.conf

[2018-11-15 09:20:55 #4 type] 
Type classss.Account is not enhanced.

[2018-11-15 09:20:55 #5 type] 
Type classss.Student is not enhanced.

[2018-11-15 09:20:55 #6 type] 
Type classss.Subject is not enhanced.

[2018-11-15 09:20:55 #7 type] 
Type classss.Teacher is not enhanced.

[2018-11-15 09:20:55 #8 type] 
Type classss.Announcement is not enhanced.

[2018-11-15 09:20:55 #9 type] 
Type classss.Score is not enhanced.

------------------------------------------------------------------------------------------------------------------------

[2018-11-15 09:22:54 #1 store] 
Database 'E:\IMA_OOAD\objectdb\db\AccountDB.odb' is opened by 13484@DESKTOP-CBH5LMM

[2018-11-15 09:22:54 #2 store] 
Configuration path: E:\IMA_OOAD\objectdb\objectdb.conf

[2018-11-15 09:22:54 #3 type] 
Type classss.Account is not enhanced.

[2018-11-15 09:22:54 #4 type] 
Type classss.Student is not enhanced.

[2018-11-15 09:22:54 #5 type] 
Type classss.Subject is not enhanced.

[2018-11-15 09:22:54 #6 type] 
Type classss.Teacher is not enhanced.

[2018-11-15 09:22:54 #7 type] 
Type classss.Announcement is not enhanced.

[2018-11-15 09:22:54 #8 type] 
Type classss.Score is not enhanced.

------------------------------------------------------------------------------------------------------------------------

[2018-11-15 09:40:35 #1 store] 
Database 'E:\IMA_OOAD\objectdb\db\AccountDB.odb' has been recovered (tr. 407-415)

[2018-11-15 09:40:36 #2 store] 
Database 'E:\IMA_OOAD\objectdb\db\AccountDB.odb' is opened by 1360@DESKTOP-CBH5LMM

[2018-11-15 09:40:36 #3 store] 
Configuration path: E:\IMA_OOAD\objectdb\objectdb.conf

[2018-11-15 09:40:36 #4 type] 
Type classss.Account is not enhanced.

[2018-11-15 09:40:36 #5 type] 
Type classss.Student is not enhanced.

[2018-11-15 09:40:36 #6 type] 
Type classss.Subject is not enhanced.

[2018-11-15 09:40:36 #7 type] 
Type classss.Teacher is not enhanced.

[2018-11-15 09:40:36 #8 type] 
Type classss.Announcement is not enhanced.

[2018-11-15 09:40:36 #9 type] 
Type classss.Score is not enhanced.

------------------------------------------------------------------------------------------------------------------------

[2018-11-15 09:41:15 #1 store] 
Database 'E:\IMA_OOAD\objectdb\db\AccountDB.odb' is opened by 13028@DESKTOP-CBH5LMM

[2018-11-15 09:41:15 #2 store] 
Configuration path: E:\IMA_OOAD\objectdb\objectdb.conf

[2018-11-15 09:41:15 #3 type] 
Type classss.Account is not enhanced.

[2018-11-15 09:41:15 #4 type] 
Type classss.Student is not enhanced.

[2018-11-15 09:41:15 #5 type] 
Type classss.Subject is not enhanced.

[2018-11-15 09:41:15 #6 type] 
Type classss.Teacher is not enhanced.

[2018-11-15 09:41:15 #7 type] 
Type classss.Announcement is not enhanced.

[2018-11-15 09:41:15 #8 type] 
Type classss.Score is not enhanced.

------------------------------------------------------------------------------------------------------------------------

[2018-11-15 09:41:48 #1 store] 
Database 'E:\IMA_OOAD\objectdb\db\AccountDB.odb' is opened by 6552@DESKTOP-CBH5LMM

[2018-11-15 09:41:48 #2 store] 
Configuration path: E:\IMA_OOAD\objectdb\objectdb.conf

[2018-11-15 09:41:48 #3 type] 
Type classss.Account is not enhanced.

[2018-11-15 09:41:48 #4 type] 
Type classss.Student is not enhanced.

[2018-11-15 09:41:48 #5 type] 
Type classss.Subject is not enhanced.

[2018-11-15 09:41:48 #6 type] 
Type classss.Teacher is not enhanced.

[2018-11-15 09:41:48 #7 type] 
Type classss.Announcement is not enhanced.

[2018-11-15 09:41:48 #8 type] 
Type classss.Score is not enhanced.

------------------------------------------------------------------------------------------------------------------------

[2018-11-15 09:42:57 #1 store] 
Database 'E:\IMA_OOAD\objectdb\db\AccountDB.odb' is opened by 8416@DESKTOP-CBH5LMM

[2018-11-15 09:42:57 #2 store] 
Configuration path: E:\IMA_OOAD\objectdb\objectdb.conf

[2018-11-15 09:42:58 #3 type] 
Type classss.Account is not enhanced.

[2018-11-15 09:42:58 #4 type] 
Type classss.Student is not enhanced.

[2018-11-15 09:42:58 #5 type] 
Type classss.Subject is not enhanced.

[2018-11-15 09:42:58 #6 type] 
Type classss.Teacher is not enhanced.

[2018-11-15 09:42:58 #7 type] 
Type classss.Announcement is not enhanced.

[2018-11-15 09:42:58 #8 type] 
Type classss.Score is not enhanced.

------------------------------------------------------------------------------------------------------------------------

[2018-11-15 09:55:46 #1 store] 
Database 'E:\IMA_OOAD\objectdb\db\AccountDB.odb' is opened by 5820@DESKTOP-CBH5LMM

[2018-11-15 09:55:46 #2 store] 
Configuration path: E:\IMA_OOAD\objectdb\objectdb.conf

[2018-11-15 09:55:46 #3 type] 
Type classss.Account is not enhanced.

[2018-11-15 09:55:46 #4 type] 
Type classss.Student is not enhanced.

[2018-11-15 09:55:46 #5 type] 
Type classss.Subject is not enhanced.

[2018-11-15 09:55:46 #6 type] 
Type classss.Teacher is not enhanced.

[2018-11-15 09:55:46 #7 type] 
Type classss.Announcement is not enhanced.

[2018-11-15 09:55:46 #8 type] 
Type classss.Score is not enhanced.

------------------------------------------------------------------------------------------------------------------------

[2018-11-15 10:45:09 #1 store] 
Database 'E:\IMA_OOAD\objectdb\db\AccountDB.odb' is opened by 14948@DESKTOP-CBH5LMM

[2018-11-15 10:45:09 #2 store] 
Configuration path: E:\IMA_OOAD\objectdb\objectdb.conf

[2018-11-15 10:45:09 #3 type] 
Type classss.Account is not enhanced.

[2018-11-15 10:45:09 #4 type] 
Type classss.Student is not enhanced.

[2018-11-15 10:45:09 #5 type] 
Type classss.Subject is not enhanced.

[2018-11-15 10:45:09 #6 type] 
Type classss.Teacher is not enhanced.

[2018-11-15 10:45:09 #7 type] 
Type classss.Announcement is not enhanced.

[2018-11-15 10:45:09 #8 type] 
Type classss.Score is not enhanced.

------------------------------------------------------------------------------------------------------------------------

[2018-11-15 12:17:55 #1 store] 
Database 'E:\IMA_OOAD\objectdb\db\AccountDB.odb' is opened by 12616@DESKTOP-CBH5LMM

[2018-11-15 12:17:55 #2 store] 
Configuration path: E:\IMA_OOAD\objectdb\objectdb.conf

[2018-11-15 12:17:55 #3 type] 
Type classss.Account is not enhanced.

[2018-11-15 12:17:55 #4 type] 
Type classss.Student is not enhanced.

[2018-11-15 12:17:55 #5 type] 
Type classss.Subject is not enhanced.

[2018-11-15 12:17:55 #6 type] 
Type classss.Teacher is not enhanced.

[2018-11-15 12:17:55 #7 type] 
Type classss.Announcement is not enhanced.

[2018-11-15 12:17:55 #8 type] 
Type classss.Score is not enhanced.

------------------------------------------------------------------------------------------------------------------------

[2018-11-15 12:31:55 #1 store] 
Database 'E:\IMA_OOAD\objectdb\db\AccountDB.odb' is opened by 1524@DESKTOP-CBH5LMM

[2018-11-15 12:31:55 #2 store] 
Configuration path: E:\IMA_OOAD\objectdb\objectdb.conf

[2018-11-15 12:31:55 #3 type] 
Type classss.Account is not enhanced.

[2018-11-15 12:31:55 #4 type] 
Type classss.Student is not enhanced.

[2018-11-15 12:31:55 #5 type] 
Type classss.Subject is not enhanced.

[2018-11-15 12:31:55 #6 type] 
Type classss.Teacher is not enhanced.

[2018-11-15 12:31:55 #7 type] 
Type classss.Announcement is not enhanced.

[2018-11-15 12:31:55 #8 type] 
Type classss.Score is not enhanced.

------------------------------------------------------------------------------------------------------------------------

[2018-11-15 13:15:23 #1 store] 
Database 'E:\IMA_OOAD\objectdb\db\AccountDB.odb' is opened by 7496@DESKTOP-CBH5LMM

[2018-11-15 13:15:23 #2 store] 
Configuration path: E:\IMA_OOAD\objectdb\objectdb.conf

[2018-11-15 13:15:24 #3 type] 
Type classss.Account is not enhanced.

[2018-11-15 13:15:24 #4 type] 
Type classss.Student is not enhanced.

[2018-11-15 13:15:24 #5 type] 
Type classss.Subject is not enhanced.

[2018-11-15 13:15:24 #6 type] 
Type classss.Teacher is not enhanced.

[2018-11-15 13:15:24 #7 type] 
Type classss.Announcement is not enhanced.

[2018-11-15 13:15:24 #8 type] 
Type classss.Score is not enhanced.

------------------------------------------------------------------------------------------------------------------------

[2018-11-15 13:16:05 #1 store] 
Database 'E:\IMA_OOAD\objectdb\db\AccountDB.odb' is opened by 9480@DESKTOP-CBH5LMM

[2018-11-15 13:16:05 #2 store] 
Configuration path: E:\IMA_OOAD\objectdb\objectdb.conf

[2018-11-15 13:16:05 #3 type.registry] 
New type classss.Subject

[2018-11-15 13:16:05 #4 type] 
Type classss.Subject is not enhanced.

[2018-11-15 13:16:05 #5 type.registry] 
New type classss.Account

[2018-11-15 13:16:05 #6 type.registry] 
New type classss.Student

[2018-11-15 13:16:05 #7 type.registry] 
New type classss.Teacher

[2018-11-15 13:16:05 #8 type.registry] 
New type classss.Announcement

[2018-11-15 13:16:05 #9 type] 
Type classss.Account is not enhanced.

[2018-11-15 13:16:05 #10 type] 
Type classss.Student is not enhanced.

[2018-11-15 13:16:05 #11 type] 
Type classss.Teacher is not enhanced.

[2018-11-15 13:16:05 #12 type] 
Type classss.Announcement is not enhanced.

------------------------------------------------------------------------------------------------------------------------

[2018-11-15 13:17:08 #1 store] 
Database 'E:\IMA_OOAD\objectdb\db\AccountDB.odb' has been recovered (tr. 1-3)

[2018-11-15 13:17:08 #2 store] 
Database 'E:\IMA_OOAD\objectdb\db\AccountDB.odb' is opened by 3848@DESKTOP-CBH5LMM

[2018-11-15 13:17:08 #3 store] 
Configuration path: E:\IMA_OOAD\objectdb\objectdb.conf

[2018-11-15 13:17:08 #4 type] 
Type classss.Subject is not enhanced.

[2018-11-15 13:17:08 #5 type] 
Type classss.Account is not enhanced.

[2018-11-15 13:17:08 #6 type] 
Type classss.Student is not enhanced.

[2018-11-15 13:17:08 #7 type] 
Type classss.Teacher is not enhanced.

[2018-11-15 13:17:08 #8 type] 
Type classss.Announcement is not enhanced.

------------------------------------------------------------------------------------------------------------------------

[2018-11-15 13:17:57 #1 store] 
Database 'E:\IMA_OOAD\objectdb\db\AccountDB.odb' is opened by 2224@DESKTOP-CBH5LMM

[2018-11-15 13:17:57 #2 store] 
Configuration path: E:\IMA_OOAD\objectdb\objectdb.conf

[2018-11-15 13:17:57 #3 type] 
Type classss.Subject is not enhanced.

[2018-11-15 13:17:57 #4 type] 
Type classss.Account is not enhanced.

[2018-11-15 13:17:57 #5 type] 
Type classss.Student is not enhanced.

[2018-11-15 13:17:57 #6 type] 
Type classss.Teacher is not enhanced.

[2018-11-15 13:17:57 #7 type] 
Type classss.Announcement is not enhanced.

[2018-11-15 13:18:31 #8 type.registry] 
New type java.util.ArrayList<java.lang.Object>

[2018-11-15 13:18:31 #9 type.registry] 
New type java.util.ArrayList<classss.Subject>

[2018-11-15 13:18:37 #10 type.registry] 
New type com.objectdb.o.LMT

[2018-11-15 13:18:37 #11 type.registry] 
New type com.objectdb.o.VAL

[2018-11-15 13:18:37 #12 type.registry] 
New type com.objectdb.o.RFV

[2018-11-15 13:18:59 #13 type.registry] 
New type java.util.ArrayList<classss.Student>

[2018-11-15 13:18:59 #14 type.registry] 
New type java.util.ArrayList<classss.Announcement>

------------------------------------------------------------------------------------------------------------------------

[2018-11-15 13:28:12 #1 store] 
Database 'E:\IMA_OOAD\objectdb\db\AccountDB.odb' has been recovered (tr. 4-13)

[2018-11-15 13:28:12 #2 store] 
Database 'E:\IMA_OOAD\objectdb\db\AccountDB.odb' is opened by 16000@DESKTOP-CBH5LMM

[2018-11-15 13:28:12 #3 store] 
Configuration path: E:\IMA_OOAD\objectdb\objectdb.conf

[2018-11-15 13:28:12 #4 type] 
Type classss.Subject is not enhanced.

[2018-11-15 13:28:12 #5 type] 
Type classss.Account is not enhanced.

[2018-11-15 13:28:12 #6 type] 
Type classss.Student is not enhanced.

[2018-11-15 13:28:12 #7 type] 
Type classss.Teacher is not enhanced.

[2018-11-15 13:28:12 #8 type] 
Type classss.Announcement is not enhanced.

------------------------------------------------------------------------------------------------------------------------

[2018-11-15 13:28:29 #1 store] 
Database 'E:\IMA_OOAD\objectdb\db\AccountDB.odb' is opened by 7220@DESKTOP-CBH5LMM

[2018-11-15 13:28:29 #2 store] 
Configuration path: E:\IMA_OOAD\objectdb\objectdb.conf

[2018-11-15 13:28:29 #3 type] 
Type classss.Subject is not enhanced.

[2018-11-15 13:28:29 #4 type] 
Type classss.Account is not enhanced.

[2018-11-15 13:28:29 #5 type] 
Type classss.Student is not enhanced.

[2018-11-15 13:28:29 #6 type] 
Type classss.Teacher is not enhanced.

[2018-11-15 13:28:29 #7 type] 
Type classss.Announcement is not enhanced.

------------------------------------------------------------------------------------------------------------------------

[2018-11-15 13:31:24 #1 store] 
Database 'E:\IMA_OOAD\objectdb\db\AccountDB.odb' is opened by 12012@DESKTOP-CBH5LMM

[2018-11-15 13:31:24 #2 store] 
Configuration path: E:\IMA_OOAD\objectdb\objectdb.conf

[2018-11-15 13:31:24 #3 type] 
Type classss.Subject is not enhanced.

[2018-11-15 13:31:24 #4 type] 
Type classss.Account is not enhanced.

[2018-11-15 13:31:24 #5 type] 
Type classss.Student is not enhanced.

[2018-11-15 13:31:24 #6 type] 
Type classss.Teacher is not enhanced.

[2018-11-15 13:31:24 #7 type] 
Type classss.Announcement is not enhanced.

------------------------------------------------------------------------------------------------------------------------

[2018-11-15 13:35:05 #1 store] 
Database 'E:\IMA_OOAD\objectdb\db\AccountDB.odb' is opened by 7748@DESKTOP-CBH5LMM

[2018-11-15 13:35:05 #2 store] 
Configuration path: E:\IMA_OOAD\objectdb\objectdb.conf

[2018-11-15 13:35:05 #3 type] 
Type classss.Subject is not enhanced.

[2018-11-15 13:35:05 #4 type] 
Type classss.Account is not enhanced.

[2018-11-15 13:35:05 #5 type] 
Type classss.Student is not enhanced.

[2018-11-15 13:35:05 #6 type] 
Type classss.Teacher is not enhanced.

[2018-11-15 13:35:05 #7 type] 
Type classss.Announcement is not enhanced.

------------------------------------------------------------------------------------------------------------------------

[2018-11-15 13:35:33 #1 store] 
Database 'E:\IMA_OOAD\objectdb\db\AccountDB.odb' is opened by 15312@DESKTOP-CBH5LMM

[2018-11-15 13:35:33 #2 store] 
Configuration path: E:\IMA_OOAD\objectdb\objectdb.conf

[2018-11-15 13:35:33 #3 type] 
Type classss.Subject is not enhanced.

[2018-11-15 13:35:33 #4 type] 
Type classss.Account is not enhanced.

[2018-11-15 13:35:33 #5 type] 
Type classss.Student is not enhanced.

[2018-11-15 13:35:33 #6 type] 
Type classss.Teacher is not enhanced.

[2018-11-15 13:35:33 #7 type] 
Type classss.Announcement is not enhanced.

------------------------------------------------------------------------------------------------------------------------

[2018-11-15 13:41:08 #1 store] 
Database 'E:\IMA_OOAD\objectdb\db\AccountDB.odb' is opened by 8228@DESKTOP-CBH5LMM

[2018-11-15 13:41:08 #2 store] 
Configuration path: E:\IMA_OOAD\objectdb\objectdb.conf

[2018-11-15 13:41:08 #3 type] 
Type classss.Subject is not enhanced.

[2018-11-15 13:41:08 #4 type] 
Type classss.Account is not enhanced.

[2018-11-15 13:41:08 #5 type] 
Type classss.Student is not enhanced.

[2018-11-15 13:41:08 #6 type] 
Type classss.Teacher is not enhanced.

[2018-11-15 13:41:08 #7 type] 
Type classss.Announcement is not enhanced.

------------------------------------------------------------------------------------------------------------------------

[2018-11-15 13:41:29 #1 store] 
Database 'E:\IMA_OOAD\objectdb\db\AccountDB.odb' is opened by 2760@DESKTOP-CBH5LMM

[2018-11-15 13:41:29 #2 store] 
Configuration path: E:\IMA_OOAD\objectdb\objectdb.conf

[2018-11-15 13:41:29 #3 type] 
Type classss.Subject is not enhanced.

[2018-11-15 13:41:29 #4 type] 
Type classss.Account is not enhanced.

[2018-11-15 13:41:29 #5 type] 
Type classss.Student is not enhanced.

[2018-11-15 13:41:29 #6 type] 
Type classss.Teacher is not enhanced.

[2018-11-15 13:41:29 #7 type] 
Type classss.Announcement is not enhanced.

------------------------------------------------------------------------------------------------------------------------

[2018-11-15 13:45:31 #1 store] 
Database 'E:\IMA_OOAD\objectdb\db\AccountDB.odb' is opened by 7276@DESKTOP-CBH5LMM

[2018-11-15 13:45:31 #2 store] 
Configuration path: E:\IMA_OOAD\objectdb\objectdb.conf

[2018-11-15 13:45:31 #3 type] 
Type classss.Subject is not enhanced.

[2018-11-15 13:45:31 #4 type] 
Type classss.Account is not enhanced.

[2018-11-15 13:45:31 #5 type] 
Type classss.Student is not enhanced.

[2018-11-15 13:45:31 #6 type] 
Type classss.Teacher is not enhanced.

[2018-11-15 13:45:31 #7 type] 
Type classss.Announcement is not enhanced.

------------------------------------------------------------------------------------------------------------------------

[2018-11-15 13:47:38 #1 store] 
Database 'E:\IMA_OOAD\objectdb\db\AccountDB.odb' is opened by 14108@DESKTOP-CBH5LMM

[2018-11-15 13:47:38 #2 store] 
Configuration path: E:\IMA_OOAD\objectdb\objectdb.conf

[2018-11-15 13:47:39 #3 type] 
Type classss.Subject is not enhanced.

[2018-11-15 13:47:39 #4 type] 
Type classss.Account is not enhanced.

[2018-11-15 13:47:39 #5 type] 
Type classss.Student is not enhanced.

[2018-11-15 13:47:39 #6 type] 
Type classss.Teacher is not enhanced.

[2018-11-15 13:47:39 #7 type] 
Type classss.Announcement is not enhanced.

------------------------------------------------------------------------------------------------------------------------

[2018-11-15 14:04:14 #1 store] 
Database 'E:\IMA_OOAD\objectdb\db\AccountDB.odb' is opened by 13756@DESKTOP-CBH5LMM

[2018-11-15 14:04:14 #2 store] 
Configuration path: E:\IMA_OOAD\objectdb\objectdb.conf

[2018-11-15 14:04:15 #3 type] 
Type classss.Subject is not enhanced.

[2018-11-15 14:04:15 #4 type] 
Type classss.Account is not enhanced.

[2018-11-15 14:04:15 #5 type] 
Type classss.Student is not enhanced.

[2018-11-15 14:04:15 #6 type] 
Type classss.Teacher is not enhanced.

[2018-11-15 14:04:15 #7 type] 
Type classss.Announcement is not enhanced.

------------------------------------------------------------------------------------------------------------------------

[2018-11-15 14:05:24 #1 store] 
Database 'E:\IMA_OOAD\objectdb\db\AccountDB.odb' is opened by 15920@DESKTOP-CBH5LMM

[2018-11-15 14:05:24 #2 store] 
Configuration path: E:\IMA_OOAD\objectdb\objectdb.conf

[2018-11-15 14:06:29 #3 store] 
Database 'E:\IMA_OOAD\objectdb\db\AccountDB.odb' is closed by 15920@DESKTOP-CBH5LMM

------------------------------------------------------------------------------------------------------------------------

[2018-11-15 14:06:43 #1 store] 
Database 'E:\IMA_OOAD\objectdb\db\AccountDB.odb' is opened by 14704@DESKTOP-CBH5LMM

[2018-11-15 14:06:43 #2 store] 
Configuration path: E:\IMA_OOAD\objectdb\objectdb.conf

[2018-11-15 14:06:43 #3 type] 
Type classss.Subject is not enhanced.

[2018-11-15 14:06:43 #4 type] 
Type classss.Account is not enhanced.

[2018-11-15 14:06:43 #5 type] 
Type classss.Student is not enhanced.

[2018-11-15 14:06:43 #6 type] 
Type classss.Teacher is not enhanced.

[2018-11-15 14:06:43 #7 type] 
Type classss.Announcement is not enhanced.

------------------------------------------------------------------------------------------------------------------------

[2018-11-15 14:11:16 #1 store] 
Database 'E:\IMA_OOAD\objectdb\db\AccountDB.odb' has been recovered (tr. 14-14)

[2018-11-15 14:11:16 #2 store] 
Database 'E:\IMA_OOAD\objectdb\db\AccountDB.odb' is opened by 16116@DESKTOP-CBH5LMM

[2018-11-15 14:11:16 #3 store] 
Configuration path: E:\IMA_OOAD\objectdb\objectdb.conf

[2018-11-15 14:11:16 #4 type] 
Type classss.Subject is not enhanced.

[2018-11-15 14:11:16 #5 type] 
Type classss.Account is not enhanced.

[2018-11-15 14:11:16 #6 type] 
Type classss.Student is not enhanced.

[2018-11-15 14:11:16 #7 type] 
Type classss.Teacher is not enhanced.

[2018-11-15 14:11:16 #8 type] 
Type classss.Announcement is not enhanced.

[2018-11-15 14:15:36 #9 type.registry] 
New type classss.Score

[2018-11-15 14:15:36 #10 type] 
Type classss.Score is not enhanced.

------------------------------------------------------------------------------------------------------------------------

[2018-11-15 14:21:01 #1 server] 
Server on port 6136 has started by 15988@DESKTOP-CBH5LMM

------------------------------------------------------------------------------------------------------------------------

[2018-11-15 15:00:40 #1 store] 
Database 'E:\IMA_OOAD\objectdb\db\AccountDB.odb' has been recovered (tr. 15-32)

[2018-11-15 15:00:40 #2 store] 
Database 'E:\IMA_OOAD\objectdb\db\AccountDB.odb' is opened by 15124@DESKTOP-CBH5LMM

[2018-11-15 15:00:40 #3 store] 
Configuration path: E:\IMA_OOAD\objectdb\objectdb.conf

[2018-11-15 15:00:40 #4 type] 
Type classss.Subject is not enhanced.

[2018-11-15 15:00:40 #5 type] 
Type classss.Account is not enhanced.

[2018-11-15 15:00:40 #6 type] 
Type classss.Student is not enhanced.

[2018-11-15 15:00:40 #7 type] 
Type classss.Teacher is not enhanced.

[2018-11-15 15:00:40 #8 type] 
Type classss.Announcement is not enhanced.

[2018-11-15 15:00:40 #9 type] 
Type classss.Score is not enhanced.

------------------------------------------------------------------------------------------------------------------------

[2018-11-15 15:06:14 #1 store] 
Database 'E:\IMA_OOAD\objectdb\db\AccountDB.odb' is opened by 13148@DESKTOP-CBH5LMM

[2018-11-15 15:06:14 #2 store] 
Configuration path: E:\IMA_OOAD\objectdb\objectdb.conf

[2018-11-15 15:06:14 #3 type] 
Type classss.Subject is not enhanced.

[2018-11-15 15:06:14 #4 type] 
Type classss.Account is not enhanced.

[2018-11-15 15:06:14 #5 type] 
Type classss.Student is not enhanced.

[2018-11-15 15:06:14 #6 type] 
Type classss.Teacher is not enhanced.

[2018-11-15 15:06:14 #7 type] 
Type classss.Announcement is not enhanced.

[2018-11-15 15:06:14 #8 type] 
Type classss.Score is not enhanced.

------------------------------------------------------------------------------------------------------------------------

[2018-11-15 15:14:59 #1 store] 
Database 'E:\IMA_OOAD\objectdb\db\AccountDB.odb' has been recovered (tr. 33-43)

[2018-11-15 15:14:59 #2 store] 
Database 'E:\IMA_OOAD\objectdb\db\AccountDB.odb' is opened by 13400@DESKTOP-CBH5LMM

[2018-11-15 15:14:59 #3 store] 
Configuration path: E:\IMA_OOAD\objectdb\objectdb.conf

[2018-11-15 15:14:59 #4 type] 
Type classss.Subject is not enhanced.

[2018-11-15 15:14:59 #5 type] 
Type classss.Account is not enhanced.

[2018-11-15 15:14:59 #6 type] 
Type classss.Student is not enhanced.

[2018-11-15 15:14:59 #7 type] 
Type classss.Teacher is not enhanced.

[2018-11-15 15:14:59 #8 type] 
Type classss.Announcement is not enhanced.

[2018-11-15 15:14:59 #9 type] 
Type classss.Score is not enhanced.

------------------------------------------------------------------------------------------------------------------------

[2018-11-15 15:17:49 #1 store] 
Database 'E:\IMA_OOAD\objectdb\db\AccountDB.odb' is opened by 14792@DESKTOP-CBH5LMM

[2018-11-15 15:17:49 #2 store] 
Configuration path: E:\IMA_OOAD\objectdb\objectdb.conf

[2018-11-15 15:17:49 #3 type] 
Type classss.Subject is not enhanced.

[2018-11-15 15:17:49 #4 type] 
Type classss.Account is not enhanced.

[2018-11-15 15:17:49 #5 type] 
Type classss.Student is not enhanced.

[2018-11-15 15:17:49 #6 type] 
Type classss.Teacher is not enhanced.

[2018-11-15 15:17:49 #7 type] 
Type classss.Announcement is not enhanced.

[2018-11-15 15:17:49 #8 type] 
Type classss.Score is not enhanced.

------------------------------------------------------------------------------------------------------------------------

[2018-11-15 15:18:25 #1 store] 
Database 'E:\IMA_OOAD\objectdb\db\AccountDB.odb' is opened by 1492@DESKTOP-CBH5LMM

[2018-11-15 15:18:25 #2 store] 
Configuration path: E:\IMA_OOAD\objectdb\objectdb.conf

[2018-11-15 15:18:25 #3 type] 
Type classss.Subject is not enhanced.

[2018-11-15 15:18:25 #4 type] 
Type classss.Account is not enhanced.

[2018-11-15 15:18:25 #5 type] 
Type classss.Student is not enhanced.

[2018-11-15 15:18:25 #6 type] 
Type classss.Teacher is not enhanced.

[2018-11-15 15:18:25 #7 type] 
Type classss.Announcement is not enhanced.

[2018-11-15 15:18:25 #8 type] 
Type classss.Score is not enhanced.

------------------------------------------------------------------------------------------------------------------------

[2018-11-15 15:18:48 #1 store] 
Database 'E:\IMA_OOAD\objectdb\db\AccountDB.odb' is opened by 2228@DESKTOP-CBH5LMM

[2018-11-15 15:18:48 #2 store] 
Configuration path: E:\IMA_OOAD\objectdb\objectdb.conf

[2018-11-15 15:18:49 #3 type] 
Type classss.Subject is not enhanced.

[2018-11-15 15:18:49 #4 type] 
Type classss.Account is not enhanced.

[2018-11-15 15:18:49 #5 type] 
Type classss.Student is not enhanced.

[2018-11-15 15:18:49 #6 type] 
Type classss.Teacher is not enhanced.

[2018-11-15 15:18:49 #7 type] 
Type classss.Announcement is not enhanced.

[2018-11-15 15:18:49 #8 type] 
Type classss.Score is not enhanced.

------------------------------------------------------------------------------------------------------------------------

[2018-11-15 15:19:17 #1 store] 
Database 'E:\IMA_OOAD\objectdb\db\AccountDB.odb' is opened by 16328@DESKTOP-CBH5LMM

[2018-11-15 15:19:17 #2 store] 
Configuration path: E:\IMA_OOAD\objectdb\objectdb.conf

[2018-11-15 15:19:17 #3 type] 
Type classss.Subject is not enhanced.

[2018-11-15 15:19:17 #4 type] 
Type classss.Account is not enhanced.

[2018-11-15 15:19:17 #5 type] 
Type classss.Student is not enhanced.

[2018-11-15 15:19:17 #6 type] 
Type classss.Teacher is not enhanced.

[2018-11-15 15:19:17 #7 type] 
Type classss.Announcement is not enhanced.

[2018-11-15 15:19:17 #8 type] 
Type classss.Score is not enhanced.

------------------------------------------------------------------------------------------------------------------------

[2018-11-15 15:19:44 #1 store] 
Database 'E:\IMA_OOAD\objectdb\db\AccountDB.odb' is opened by 12336@DESKTOP-CBH5LMM

[2018-11-15 15:19:44 #2 store] 
Configuration path: E:\IMA_OOAD\objectdb\objectdb.conf

[2018-11-15 15:19:44 #3 type] 
Type classss.Subject is not enhanced.

[2018-11-15 15:19:44 #4 type] 
Type classss.Account is not enhanced.

[2018-11-15 15:19:44 #5 type] 
Type classss.Student is not enhanced.

[2018-11-15 15:19:44 #6 type] 
Type classss.Teacher is not enhanced.

[2018-11-15 15:19:44 #7 type] 
Type classss.Announcement is not enhanced.

[2018-11-15 15:19:44 #8 type] 
Type classss.Score is not enhanced.

------------------------------------------------------------------------------------------------------------------------

[2018-11-15 15:23:17 #1 store] 
Database 'E:\IMA_OOAD\objectdb\db\AccountDB.odb' is opened by 14164@DESKTOP-CBH5LMM

[2018-11-15 15:23:17 #2 store] 
Configuration path: E:\IMA_OOAD\objectdb\objectdb.conf

[2018-11-15 15:23:18 #3 type] 
Type classss.Subject is not enhanced.

[2018-11-15 15:23:18 #4 type] 
Type classss.Account is not enhanced.

[2018-11-15 15:23:18 #5 type] 
Type classss.Student is not enhanced.

[2018-11-15 15:23:18 #6 type] 
Type classss.Teacher is not enhanced.

[2018-11-15 15:23:18 #7 type] 
Type classss.Announcement is not enhanced.

[2018-11-15 15:23:18 #8 type] 
Type classss.Score is not enhanced.

------------------------------------------------------------------------------------------------------------------------

[2018-11-15 15:26:33 #1 store] 
Database 'E:\IMA_OOAD\objectdb\db\AccountDB.odb' is opened by 13784@DESKTOP-CBH5LMM

[2018-11-15 15:26:33 #2 store] 
Configuration path: E:\IMA_OOAD\objectdb\objectdb.conf

[2018-11-15 15:26:33 #3 type] 
Type classss.Subject is not enhanced.

[2018-11-15 15:26:33 #4 type] 
Type classss.Account is not enhanced.

[2018-11-15 15:26:33 #5 type] 
Type classss.Student is not enhanced.

[2018-11-15 15:26:33 #6 type] 
Type classss.Teacher is not enhanced.

[2018-11-15 15:26:33 #7 type] 
Type classss.Announcement is not enhanced.

[2018-11-15 15:26:33 #8 type] 
Type classss.Score is not enhanced.

------------------------------------------------------------------------------------------------------------------------

[2018-11-15 15:28:35 #1 store] 
Database 'E:\IMA_OOAD\objectdb\db\AccountDB.odb' is opened by 14384@DESKTOP-CBH5LMM

[2018-11-15 15:28:35 #2 store] 
Configuration path: E:\IMA_OOAD\objectdb\objectdb.conf

[2018-11-15 15:28:35 #3 type] 
Type classss.Subject is not enhanced.

[2018-11-15 15:28:35 #4 type] 
Type classss.Account is not enhanced.

[2018-11-15 15:28:35 #5 type] 
Type classss.Student is not enhanced.

[2018-11-15 15:28:35 #6 type] 
Type classss.Teacher is not enhanced.

[2018-11-15 15:28:35 #7 type] 
Type classss.Announcement is not enhanced.

[2018-11-15 15:28:35 #8 type] 
Type classss.Score is not enhanced.

------------------------------------------------------------------------------------------------------------------------

[2018-11-15 15:52:35 #1 store] 
Database 'E:\IMA_OOAD\objectdb\db\AccountDB.odb' has been recovered (tr. 44-45)

[2018-11-15 15:52:35 #2 store] 
Database 'E:\IMA_OOAD\objectdb\db\AccountDB.odb' is opened by 3252@DESKTOP-CBH5LMM

[2018-11-15 15:52:35 #3 store] 
Configuration path: E:\IMA_OOAD\objectdb\objectdb.conf

[2018-11-15 15:52:35 #4 type] 
Type classss.Subject is not enhanced.

[2018-11-15 15:52:35 #5 type] 
Type classss.Account is not enhanced.

[2018-11-15 15:52:35 #6 type] 
Type classss.Student is not enhanced.

[2018-11-15 15:52:35 #7 type] 
Type classss.Teacher is not enhanced.

[2018-11-15 15:52:35 #8 type] 
Type classss.Announcement is not enhanced.

[2018-11-15 15:52:35 #9 type] 
Type classss.Score is not enhanced.

------------------------------------------------------------------------------------------------------------------------

[2018-11-15 16:34:36 #1 store] 
Database 'E:\IMA_OOAD\objectdb\db\AccountDB.odb' is opened by 14232@DESKTOP-CBH5LMM

[2018-11-15 16:34:36 #2 store] 
Configuration path: E:\IMA_OOAD\objectdb\objectdb.conf

[2018-11-15 16:34:36 #3 type] 
Type classss.Subject is not enhanced.

[2018-11-15 16:34:36 #4 type] 
Type classss.Account is not enhanced.

[2018-11-15 16:34:36 #5 type] 
Type classss.Student is not enhanced.

[2018-11-15 16:34:36 #6 type] 
Type classss.Teacher is not enhanced.

[2018-11-15 16:34:36 #7 type] 
Type classss.Announcement is not enhanced.

[2018-11-15 16:34:36 #8 type] 
Type classss.Score is not enhanced.

------------------------------------------------------------------------------------------------------------------------

[2018-11-15 16:37:34 #1 store] 
Database 'E:\IMA_OOAD\objectdb\db\AccountDB.odb' has been recovered (tr. 46-49)

[2018-11-15 16:37:34 #2 store] 
Database 'E:\IMA_OOAD\objectdb\db\AccountDB.odb' is opened by 604@DESKTOP-CBH5LMM

[2018-11-15 16:37:34 #3 store] 
Configuration path: E:\IMA_OOAD\objectdb\objectdb.conf

[2018-11-15 16:37:34 #4 type] 
Type classss.Subject is not enhanced.

[2018-11-15 16:37:34 #5 type] 
Type classss.Account is not enhanced.

[2018-11-15 16:37:34 #6 type] 
Type classss.Student is not enhanced.

[2018-11-15 16:37:34 #7 type] 
Type classss.Teacher is not enhanced.

[2018-11-15 16:37:34 #8 type] 
Type classss.Announcement is not enhanced.

[2018-11-15 16:37:34 #9 type] 
Type classss.Score is not enhanced.

------------------------------------------------------------------------------------------------------------------------

[2018-11-15 16:38:52 #1 store] 
Database 'E:\IMA_OOAD\objectdb\db\AccountDB.odb' is opened by 496@DESKTOP-CBH5LMM

[2018-11-15 16:38:52 #2 store] 
Configuration path: E:\IMA_OOAD\objectdb\objectdb.conf

[2018-11-15 16:38:52 #3 type] 
Type classss.Subject is not enhanced.

[2018-11-15 16:38:52 #4 type] 
Type classss.Account is not enhanced.

[2018-11-15 16:38:52 #5 type] 
Type classss.Student is not enhanced.

[2018-11-15 16:38:52 #6 type] 
Type classss.Teacher is not enhanced.

[2018-11-15 16:38:52 #7 type] 
Type classss.Announcement is not enhanced.

[2018-11-15 16:38:52 #8 type] 
Type classss.Score is not enhanced.

------------------------------------------------------------------------------------------------------------------------

[2018-11-15 16:39:49 #1 store] 
Database 'E:\IMA_OOAD\objectdb\db\AccountDB.odb' is opened by 15932@DESKTOP-CBH5LMM

[2018-11-15 16:39:49 #2 store] 
Configuration path: E:\IMA_OOAD\objectdb\objectdb.conf

[2018-11-15 16:39:49 #3 type] 
Type classss.Subject is not enhanced.

[2018-11-15 16:39:49 #4 type] 
Type classss.Account is not enhanced.

[2018-11-15 16:39:49 #5 type] 
Type classss.Student is not enhanced.

[2018-11-15 16:39:49 #6 type] 
Type classss.Teacher is not enhanced.

[2018-11-15 16:39:49 #7 type] 
Type classss.Announcement is not enhanced.

[2018-11-15 16:39:49 #8 type] 
Type classss.Score is not enhanced.

------------------------------------------------------------------------------------------------------------------------

[2018-11-15 16:40:47 #1 store] 
Database 'E:\IMA_OOAD\objectdb\db\AccountDB.odb' has been recovered (tr. 50-50)

[2018-11-15 16:40:47 #2 store] 
Database 'E:\IMA_OOAD\objectdb\db\AccountDB.odb' is opened by 12452@DESKTOP-CBH5LMM

[2018-11-15 16:40:47 #3 store] 
Configuration path: E:\IMA_OOAD\objectdb\objectdb.conf

[2018-11-15 16:40:58 #4 store] 
Database 'E:\IMA_OOAD\objectdb\db\AccountDB.odb' is closed by 12452@DESKTOP-CBH5LMM

------------------------------------------------------------------------------------------------------------------------

[2018-11-15 16:41:15 #1 store] 
Database 'E:\IMA_OOAD\objectdb\db\AccountDB.odb' is opened by 6548@DESKTOP-CBH5LMM

[2018-11-15 16:41:15 #2 store] 
Configuration path: E:\IMA_OOAD\objectdb\objectdb.conf

[2018-11-15 16:41:15 #3 type] 
Type classss.Subject is not enhanced.

[2018-11-15 16:41:15 #4 type] 
Type classss.Account is not enhanced.

[2018-11-15 16:41:15 #5 type] 
Type classss.Student is not enhanced.

[2018-11-15 16:41:15 #6 type] 
Type classss.Teacher is not enhanced.

[2018-11-15 16:41:15 #7 type] 
Type classss.Announcement is not enhanced.

[2018-11-15 16:41:15 #8 type] 
Type classss.Score is not enhanced.

------------------------------------------------------------------------------------------------------------------------

[2018-11-15 16:41:35 #1 store] 
Database 'E:\IMA_OOAD\objectdb\db\AccountDB.odb' has been recovered (tr. 51-51)

[2018-11-15 16:41:35 #2 store] 
Database 'E:\IMA_OOAD\objectdb\db\AccountDB.odb' is opened by 3212@DESKTOP-CBH5LMM

[2018-11-15 16:41:35 #3 store] 
Configuration path: E:\IMA_OOAD\objectdb\objectdb.conf

[2018-11-15 16:49:09 #4 store] 
Database 'E:\IMA_OOAD\objectdb\db\AccountDB.odb' is closed by 3212@DESKTOP-CBH5LMM

------------------------------------------------------------------------------------------------------------------------

[2018-11-15 16:50:43 #1 store] 
Database 'E:\IMA_OOAD\objectdb\db\AccountDB.odb' is opened by 8384@DESKTOP-CBH5LMM

[2018-11-15 16:50:43 #2 store] 
Configuration path: E:\IMA_OOAD\objectdb\objectdb.conf

[2018-11-15 16:50:43 #3 type] 
Type classss.Subject is not enhanced.

[2018-11-15 16:50:43 #4 type] 
Type classss.Account is not enhanced.

[2018-11-15 16:50:43 #5 type] 
Type classss.Student is not enhanced.

[2018-11-15 16:50:43 #6 type] 
Type classss.Teacher is not enhanced.

[2018-11-15 16:50:43 #7 type] 
Type classss.Announcement is not enhanced.

[2018-11-15 16:50:43 #8 type] 
Type classss.Score is not enhanced.

------------------------------------------------------------------------------------------------------------------------

[2018-11-15 16:53:48 #1 store] 
Database 'E:\IMA_OOAD\objectdb\db\AccountDB.odb' has been recovered (tr. 52-58)

[2018-11-15 16:53:48 #2 store] 
Database 'E:\IMA_OOAD\objectdb\db\AccountDB.odb' is opened by 9036@DESKTOP-CBH5LMM

[2018-11-15 16:53:48 #3 store] 
Configuration path: E:\IMA_OOAD\objectdb\objectdb.conf

[2018-11-15 16:53:48 #4 type] 
Type classss.Subject is not enhanced.

[2018-11-15 16:53:48 #5 type] 
Type classss.Account is not enhanced.

[2018-11-15 16:53:48 #6 type] 
Type classss.Student is not enhanced.

[2018-11-15 16:53:48 #7 type] 
Type classss.Teacher is not enhanced.

[2018-11-15 16:53:48 #8 type] 
Type classss.Announcement is not enhanced.

[2018-11-15 16:53:48 #9 type] 
Type classss.Score is not enhanced.

------------------------------------------------------------------------------------------------------------------------

[2018-11-15 21:15:42 #1 store] 
Database 'E:\IMA_OOAD\objectdb\db\AccountDB.odb' has been recovered (tr. 59-63)

[2018-11-15 21:15:42 #2 store] 
Database 'E:\IMA_OOAD\objectdb\db\AccountDB.odb' is opened by 2228@DESKTOP-CBH5LMM

[2018-11-15 21:15:42 #3 store] 
Configuration path: E:\IMA_OOAD\objectdb\objectdb.conf

[2018-11-15 21:15:43 #4 type] 
Type classss.Subject is not enhanced.

[2018-11-15 21:15:43 #5 type] 
Type classss.Account is not enhanced.

[2018-11-15 21:15:43 #6 type] 
Type classss.Student is not enhanced.

[2018-11-15 21:15:43 #7 type] 
Type classss.Teacher is not enhanced.

[2018-11-15 21:15:43 #8 type] 
Type classss.Announcement is not enhanced.

[2018-11-15 21:15:43 #9 type] 
Type classss.Score is not enhanced.

------------------------------------------------------------------------------------------------------------------------

[2018-11-15 21:39:41 #1 store] 
Database 'E:\IMA_OOAD\objectdb\db\AccountDB.odb' is opened by 3960@DESKTOP-CBH5LMM

[2018-11-15 21:39:41 #2 store] 
Configuration path: E:\IMA_OOAD\objectdb\objectdb.conf

[2018-11-15 21:39:41 #3 type] 
Type classss.Subject is not enhanced.

[2018-11-15 21:39:41 #4 type] 
Type classss.Account is not enhanced.

[2018-11-15 21:39:41 #5 type] 
Type classss.Student is not enhanced.

[2018-11-15 21:39:41 #6 type] 
Type classss.Teacher is not enhanced.

[2018-11-15 21:39:41 #7 type] 
Type classss.Announcement is not enhanced.

[2018-11-15 21:39:41 #8 type] 
Type classss.Score is not enhanced.

------------------------------------------------------------------------------------------------------------------------

[2018-11-15 21:47:36 #1 store] 
Database 'E:\IMA_OOAD\objectdb\db\AccountDB.odb' is opened by 15132@DESKTOP-CBH5LMM

[2018-11-15 21:47:36 #2 store] 
Configuration path: E:\IMA_OOAD\objectdb\objectdb.conf

[2018-11-15 21:47:36 #3 type] 
Type classss.Subject is not enhanced.

[2018-11-15 21:47:36 #4 type] 
Type classss.Account is not enhanced.

[2018-11-15 21:47:36 #5 type] 
Type classss.Student is not enhanced.

[2018-11-15 21:47:36 #6 type] 
Type classss.Teacher is not enhanced.

[2018-11-15 21:47:36 #7 type] 
Type classss.Announcement is not enhanced.

[2018-11-15 21:47:36 #8 type] 
Type classss.Score is not enhanced.

------------------------------------------------------------------------------------------------------------------------

[2018-11-15 21:53:17 #1 store] 
Database 'E:\IMA_OOAD\objectdb\db\AccountDB.odb' is opened by 9152@DESKTOP-CBH5LMM

[2018-11-15 21:53:17 #2 store] 
Configuration path: E:\IMA_OOAD\objectdb\objectdb.conf

[2018-11-15 21:53:17 #3 type] 
Type classss.Subject is not enhanced.

[2018-11-15 21:53:17 #4 type] 
Type classss.Account is not enhanced.

[2018-11-15 21:53:17 #5 type] 
Type classss.Student is not enhanced.

[2018-11-15 21:53:17 #6 type] 
Type classss.Teacher is not enhanced.

[2018-11-15 21:53:17 #7 type] 
Type classss.Announcement is not enhanced.

[2018-11-15 21:53:17 #8 type] 
Type classss.Score is not enhanced.

------------------------------------------------------------------------------------------------------------------------

[2018-11-15 21:54:18 #1 store] 
Database 'E:\IMA_OOAD\objectdb\db\AccountDB.odb' has been recovered (tr. 64-66)

[2018-11-15 21:54:18 #2 store] 
Database 'E:\IMA_OOAD\objectdb\db\AccountDB.odb' is opened by 14156@DESKTOP-CBH5LMM

[2018-11-15 21:54:18 #3 store] 
Configuration path: E:\IMA_OOAD\objectdb\objectdb.conf

[2018-11-15 21:54:18 #4 type] 
Type classss.Subject is not enhanced.

[2018-11-15 21:54:18 #5 type] 
Type classss.Account is not enhanced.

[2018-11-15 21:54:18 #6 type] 
Type classss.Student is not enhanced.

[2018-11-15 21:54:18 #7 type] 
Type classss.Teacher is not enhanced.

[2018-11-15 21:54:18 #8 type] 
Type classss.Announcement is not enhanced.

[2018-11-15 21:54:18 #9 type] 
Type classss.Score is not enhanced.

------------------------------------------------------------------------------------------------------------------------

[2018-11-15 21:58:45 #1 store] 
Database 'E:\IMA_OOAD\objectdb\db\AccountDB.odb' is opened by 8504@DESKTOP-CBH5LMM

[2018-11-15 21:58:45 #2 store] 
Configuration path: E:\IMA_OOAD\objectdb\objectdb.conf

[2018-11-15 21:58:45 #3 type] 
Type classss.Subject is not enhanced.

[2018-11-15 21:58:45 #4 type] 
Type classss.Account is not enhanced.

[2018-11-15 21:58:45 #5 type] 
Type classss.Student is not enhanced.

[2018-11-15 21:58:45 #6 type] 
Type classss.Teacher is not enhanced.

[2018-11-15 21:58:45 #7 type] 
Type classss.Announcement is not enhanced.

[2018-11-15 21:58:45 #8 type] 
Type classss.Score is not enhanced.

------------------------------------------------------------------------------------------------------------------------

[2018-11-15 21:59:27 #1 store] 
Database 'E:\IMA_OOAD\objectdb\db\AccountDB.odb' is opened by 1420@DESKTOP-CBH5LMM

[2018-11-15 21:59:27 #2 store] 
Configuration path: E:\IMA_OOAD\objectdb\objectdb.conf

[2018-11-15 21:59:27 #3 type] 
Type classss.Subject is not enhanced.

[2018-11-15 21:59:27 #4 type] 
Type classss.Account is not enhanced.

[2018-11-15 21:59:27 #5 type] 
Type classss.Student is not enhanced.

[2018-11-15 21:59:27 #6 type] 
Type classss.Teacher is not enhanced.

[2018-11-15 21:59:27 #7 type] 
Type classss.Announcement is not enhanced.

[2018-11-15 21:59:27 #8 type] 
Type classss.Score is not enhanced.

------------------------------------------------------------------------------------------------------------------------

[2018-11-15 21:59:46 #1 store] 
Database 'E:\IMA_OOAD\objectdb\db\AccountDB.odb' is opened by 9892@DESKTOP-CBH5LMM

[2018-11-15 21:59:46 #2 store] 
Configuration path: E:\IMA_OOAD\objectdb\objectdb.conf

[2018-11-15 21:59:47 #3 type] 
Type classss.Subject is not enhanced.

[2018-11-15 21:59:47 #4 type] 
Type classss.Account is not enhanced.

[2018-11-15 21:59:47 #5 type] 
Type classss.Student is not enhanced.

[2018-11-15 21:59:47 #6 type] 
Type classss.Teacher is not enhanced.

[2018-11-15 21:59:47 #7 type] 
Type classss.Announcement is not enhanced.

[2018-11-15 21:59:47 #8 type] 
Type classss.Score is not enhanced.

------------------------------------------------------------------------------------------------------------------------

[2018-11-15 22:01:29 #1 store] 
Database 'E:\IMA_OOAD\objectdb\db\AccountDB.odb' is opened by 6816@DESKTOP-CBH5LMM

[2018-11-15 22:01:29 #2 store] 
Configuration path: E:\IMA_OOAD\objectdb\objectdb.conf

[2018-11-15 22:01:29 #3 type] 
Type classss.Subject is not enhanced.

[2018-11-15 22:01:29 #4 type] 
Type classss.Account is not enhanced.

[2018-11-15 22:01:29 #5 type] 
Type classss.Student is not enhanced.

[2018-11-15 22:01:29 #6 type] 
Type classss.Teacher is not enhanced.

[2018-11-15 22:01:29 #7 type] 
Type classss.Announcement is not enhanced.

[2018-11-15 22:01:29 #8 type] 
Type classss.Score is not enhanced.

------------------------------------------------------------------------------------------------------------------------

[2018-11-15 22:19:34 #1 store] 
Database 'E:\IMA_OOAD\objectdb\db\AccountDB.odb' has been recovered (tr. 67-69)

[2018-11-15 22:19:34 #2 store] 
Database 'E:\IMA_OOAD\objectdb\db\AccountDB.odb' is opened by 9856@DESKTOP-CBH5LMM

[2018-11-15 22:19:34 #3 store] 
Configuration path: E:\IMA_OOAD\objectdb\objectdb.conf

[2018-11-15 22:19:34 #4 type] 
Type classss.Subject is not enhanced.

[2018-11-15 22:19:34 #5 type] 
Type classss.Account is not enhanced.

[2018-11-15 22:19:34 #6 type] 
Type classss.Student is not enhanced.

[2018-11-15 22:19:34 #7 type] 
Type classss.Teacher is not enhanced.

[2018-11-15 22:19:34 #8 type] 
Type classss.Announcement is not enhanced.

[2018-11-15 22:19:34 #9 type] 
Type classss.Score is not enhanced.

------------------------------------------------------------------------------------------------------------------------

[2018-11-15 22:29:42 #1 store] 
Database 'E:\IMA_OOAD\objectdb\db\AccountDB.odb' has been recovered (tr. 70-81)

[2018-11-15 22:29:42 #2 store] 
Database 'E:\IMA_OOAD\objectdb\db\AccountDB.odb' is opened by 1792@DESKTOP-CBH5LMM

[2018-11-15 22:29:42 #3 store] 
Configuration path: E:\IMA_OOAD\objectdb\objectdb.conf

[2018-11-15 22:31:28 #4 store] 
Database 'E:\IMA_OOAD\objectdb\db\AccountDB.odb' is closed by 1792@DESKTOP-CBH5LMM

------------------------------------------------------------------------------------------------------------------------

[2018-11-15 22:31:43 #1 store] 
Database 'E:\IMA_OOAD\objectdb\db\AccountDB.odb' is opened by 16372@DESKTOP-CBH5LMM

[2018-11-15 22:31:43 #2 store] 
Configuration path: E:\IMA_OOAD\objectdb\objectdb.conf

[2018-11-15 22:31:43 #3 type] 
Type classss.Subject is not enhanced.

[2018-11-15 22:31:43 #4 type] 
Type classss.Account is not enhanced.

[2018-11-15 22:31:43 #5 type] 
Type classss.Student is not enhanced.

[2018-11-15 22:31:43 #6 type] 
Type classss.Teacher is not enhanced.

[2018-11-15 22:31:43 #7 type] 
Type classss.Announcement is not enhanced.

[2018-11-15 22:31:43 #8 type] 
Type classss.Score is not enhanced.

------------------------------------------------------------------------------------------------------------------------

[2018-11-15 22:37:53 #1 store] 
Database 'E:\IMA_OOAD\objectdb\db\AccountDB.odb' is opened by 7896@DESKTOP-CBH5LMM

[2018-11-15 22:37:53 #2 store] 
Configuration path: E:\IMA_OOAD\objectdb\objectdb.conf

[2018-11-15 22:37:54 #3 type] 
Type classss.Subject is not enhanced.

[2018-11-15 22:37:54 #4 type] 
Type classss.Account is not enhanced.

[2018-11-15 22:37:54 #5 type] 
Type classss.Student is not enhanced.

[2018-11-15 22:37:54 #6 type] 
Type classss.Teacher is not enhanced.

[2018-11-15 22:37:54 #7 type] 
Type classss.Announcement is not enhanced.

[2018-11-15 22:37:54 #8 type] 
Type classss.Score is not enhanced.

------------------------------------------------------------------------------------------------------------------------

[2018-11-15 22:51:40 #1 store] 
Database 'E:\IMA_OOAD\objectdb\db\AccountDB.odb' has been recovered (tr. 82-84)

[2018-11-15 22:51:40 #2 store] 
Database 'E:\IMA_OOAD\objectdb\db\AccountDB.odb' is opened by 15744@DESKTOP-CBH5LMM

[2018-11-15 22:51:40 #3 store] 
Configuration path: E:\IMA_OOAD\objectdb\objectdb.conf

[2018-11-15 22:51:40 #4 type] 
Type classss.Subject is not enhanced.

[2018-11-15 22:51:40 #5 type] 
Type classss.Account is not enhanced.

[2018-11-15 22:51:40 #6 type] 
Type classss.Student is not enhanced.

[2018-11-15 22:51:40 #7 type] 
Type classss.Teacher is not enhanced.

[2018-11-15 22:51:40 #8 type] 
Type classss.Announcement is not enhanced.

[2018-11-15 22:51:40 #9 type] 
Type classss.Score is not enhanced.

------------------------------------------------------------------------------------------------------------------------

[2018-11-15 22:52:46 #1 store] 
Database 'E:\IMA_OOAD\objectdb\db\AccountDB.odb' is opened by 188@DESKTOP-CBH5LMM

[2018-11-15 22:52:46 #2 store] 
Configuration path: E:\IMA_OOAD\objectdb\objectdb.conf

[2018-11-15 22:52:46 #3 type] 
Type classss.Subject is not enhanced.

[2018-11-15 22:52:46 #4 type] 
Type classss.Account is not enhanced.

[2018-11-15 22:52:46 #5 type] 
Type classss.Student is not enhanced.

[2018-11-15 22:52:46 #6 type] 
Type classss.Teacher is not enhanced.

[2018-11-15 22:52:46 #7 type] 
Type classss.Announcement is not enhanced.

[2018-11-15 22:52:46 #8 type] 
Type classss.Score is not enhanced.

------------------------------------------------------------------------------------------------------------------------

[2018-11-15 22:53:30 #1 store] 
Database 'E:\IMA_OOAD\objectdb\db\AccountDB.odb' is opened by 15996@DESKTOP-CBH5LMM

[2018-11-15 22:53:30 #2 store] 
Configuration path: E:\IMA_OOAD\objectdb\objectdb.conf

[2018-11-15 22:53:30 #3 type] 
Type classss.Subject is not enhanced.

[2018-11-15 22:53:30 #4 type] 
Type classss.Account is not enhanced.

[2018-11-15 22:53:30 #5 type] 
Type classss.Student is not enhanced.

[2018-11-15 22:53:30 #6 type] 
Type classss.Teacher is not enhanced.

[2018-11-15 22:53:30 #7 type] 
Type classss.Announcement is not enhanced.

[2018-11-15 22:53:30 #8 type] 
Type classss.Score is not enhanced.

------------------------------------------------------------------------------------------------------------------------

[2018-11-15 23:03:56 #1 store] 
Database 'E:\IMA_OOAD\objectdb\db\AccountDB.odb' is opened by 14992@DESKTOP-CBH5LMM

[2018-11-15 23:03:56 #2 store] 
Configuration path: E:\IMA_OOAD\objectdb\objectdb.conf

[2018-11-15 23:03:56 #3 type] 
Type classss.Subject is not enhanced.

[2018-11-15 23:03:56 #4 type] 
Type classss.Account is not enhanced.

[2018-11-15 23:03:56 #5 type] 
Type classss.Student is not enhanced.

[2018-11-15 23:03:56 #6 type] 
Type classss.Teacher is not enhanced.

[2018-11-15 23:03:56 #7 type] 
Type classss.Announcement is not enhanced.

[2018-11-15 23:03:56 #8 type] 
Type classss.Score is not enhanced.

------------------------------------------------------------------------------------------------------------------------

[2018-11-15 23:04:48 #1 store] 
Database 'E:\IMA_OOAD\objectdb\db\AccountDB.odb' has been recovered (tr. 85-87)

[2018-11-15 23:04:48 #2 store] 
Database 'E:\IMA_OOAD\objectdb\db\AccountDB.odb' is opened by 8056@DESKTOP-CBH5LMM

[2018-11-15 23:04:48 #3 store] 
Configuration path: E:\IMA_OOAD\objectdb\objectdb.conf

[2018-11-15 23:04:48 #4 type] 
Type classss.Subject is not enhanced.

[2018-11-15 23:04:48 #5 type] 
Type classss.Account is not enhanced.

[2018-11-15 23:04:48 #6 type] 
Type classss.Student is not enhanced.

[2018-11-15 23:04:48 #7 type] 
Type classss.Teacher is not enhanced.

[2018-11-15 23:04:48 #8 type] 
Type classss.Announcement is not enhanced.

[2018-11-15 23:04:48 #9 type] 
Type classss.Score is not enhanced.

------------------------------------------------------------------------------------------------------------------------

[2018-11-15 23:05:29 #1 store] 
Database 'E:\IMA_OOAD\objectdb\db\AccountDB.odb' is opened by 12884@DESKTOP-CBH5LMM

[2018-11-15 23:05:29 #2 store] 
Configuration path: E:\IMA_OOAD\objectdb\objectdb.conf

[2018-11-15 23:05:30 #3 type] 
Type classss.Subject is not enhanced.

[2018-11-15 23:05:30 #4 type] 
Type classss.Account is not enhanced.

[2018-11-15 23:05:30 #5 type] 
Type classss.Student is not enhanced.

[2018-11-15 23:05:30 #6 type] 
Type classss.Teacher is not enhanced.

[2018-11-15 23:05:30 #7 type] 
Type classss.Announcement is not enhanced.

[2018-11-15 23:05:30 #8 type] 
Type classss.Score is not enhanced.

------------------------------------------------------------------------------------------------------------------------

[2018-11-15 23:08:02 #1 store] 
Database 'E:\IMA_OOAD\objectdb\db\AccountDB.odb' is opened by 10612@DESKTOP-CBH5LMM

[2018-11-15 23:08:02 #2 store] 
Configuration path: E:\IMA_OOAD\objectdb\objectdb.conf

[2018-11-15 23:08:02 #3 type] 
Type classss.Subject is not enhanced.

[2018-11-15 23:08:02 #4 type] 
Type classss.Account is not enhanced.

[2018-11-15 23:08:02 #5 type] 
Type classss.Student is not enhanced.

[2018-11-15 23:08:02 #6 type] 
Type classss.Teacher is not enhanced.

[2018-11-15 23:08:02 #7 type] 
Type classss.Announcement is not enhanced.

[2018-11-15 23:08:02 #8 type] 
Type classss.Score is not enhanced.

------------------------------------------------------------------------------------------------------------------------

[2018-11-15 23:14:15 #1 store] 
Database 'E:\IMA_OOAD\objectdb\db\AccountDB.odb' is opened by 2280@DESKTOP-CBH5LMM

[2018-11-15 23:14:15 #2 store] 
Configuration path: E:\IMA_OOAD\objectdb\objectdb.conf

[2018-11-15 23:14:15 #3 type] 
Type classss.Subject is not enhanced.

[2018-11-15 23:14:15 #4 type] 
Type classss.Account is not enhanced.

[2018-11-15 23:14:15 #5 type] 
Type classss.Student is not enhanced.

[2018-11-15 23:14:15 #6 type] 
Type classss.Teacher is not enhanced.

[2018-11-15 23:14:15 #7 type] 
Type classss.Announcement is not enhanced.

[2018-11-15 23:14:15 #8 type] 
Type classss.Score is not enhanced.

------------------------------------------------------------------------------------------------------------------------

[2018-11-15 23:15:33 #1 store] 
Database 'E:\IMA_OOAD\objectdb\db\AccountDB.odb' has been recovered (tr. 88-88)

[2018-11-15 23:15:33 #2 store] 
Database 'E:\IMA_OOAD\objectdb\db\AccountDB.odb' is opened by 6892@DESKTOP-CBH5LMM

[2018-11-15 23:15:33 #3 store] 
Configuration path: E:\IMA_OOAD\objectdb\objectdb.conf

[2018-11-15 23:15:33 #4 type] 
Type classss.Subject is not enhanced.

[2018-11-15 23:15:33 #5 type] 
Type classss.Account is not enhanced.

[2018-11-15 23:15:33 #6 type] 
Type classss.Student is not enhanced.

[2018-11-15 23:15:33 #7 type] 
Type classss.Teacher is not enhanced.

[2018-11-15 23:15:33 #8 type] 
Type classss.Announcement is not enhanced.

[2018-11-15 23:15:33 #9 type] 
Type classss.Score is not enhanced.

------------------------------------------------------------------------------------------------------------------------

[2018-11-15 23:16:34 #1 store] 
Database 'E:\IMA_OOAD\objectdb\db\AccountDB.odb' is opened by 9032@DESKTOP-CBH5LMM

[2018-11-15 23:16:34 #2 store] 
Configuration path: E:\IMA_OOAD\objectdb\objectdb.conf

[2018-11-15 23:16:34 #3 type] 
Type classss.Subject is not enhanced.

[2018-11-15 23:16:34 #4 type] 
Type classss.Account is not enhanced.

[2018-11-15 23:16:34 #5 type] 
Type classss.Student is not enhanced.

[2018-11-15 23:16:34 #6 type] 
Type classss.Teacher is not enhanced.

[2018-11-15 23:16:34 #7 type] 
Type classss.Announcement is not enhanced.

[2018-11-15 23:16:34 #8 type] 
Type classss.Score is not enhanced.

------------------------------------------------------------------------------------------------------------------------

[2018-11-15 23:17:43 #1 store] 
Database 'E:\IMA_OOAD\objectdb\db\AccountDB.odb' is opened by 1132@DESKTOP-CBH5LMM

[2018-11-15 23:17:43 #2 store] 
Configuration path: E:\IMA_OOAD\objectdb\objectdb.conf

[2018-11-15 23:17:43 #3 type] 
Type classss.Subject is not enhanced.

[2018-11-15 23:17:43 #4 type] 
Type classss.Account is not enhanced.

[2018-11-15 23:17:43 #5 type] 
Type classss.Student is not enhanced.

[2018-11-15 23:17:43 #6 type] 
Type classss.Teacher is not enhanced.

[2018-11-15 23:17:43 #7 type] 
Type classss.Announcement is not enhanced.

[2018-11-15 23:17:43 #8 type] 
Type classss.Score is not enhanced.

------------------------------------------------------------------------------------------------------------------------

[2018-11-15 23:18:17 #1 store] 
Database 'E:\IMA_OOAD\objectdb\db\AccountDB.odb' has been recovered (tr. 89-89)

[2018-11-15 23:18:17 #2 store] 
Database 'E:\IMA_OOAD\objectdb\db\AccountDB.odb' is opened by 14880@DESKTOP-CBH5LMM

[2018-11-15 23:18:17 #3 store] 
Configuration path: E:\IMA_OOAD\objectdb\objectdb.conf

[2018-11-15 23:18:44 #4 store] 
Database 'E:\IMA_OOAD\objectdb\db\AccountDB.odb' is closed by 14880@DESKTOP-CBH5LMM

------------------------------------------------------------------------------------------------------------------------

[2018-11-15 23:19:37 #1 store] 
Database 'E:\IMA_OOAD\objectdb\db\AccountDB.odb' is opened by 13840@DESKTOP-CBH5LMM

[2018-11-15 23:19:37 #2 store] 
Configuration path: E:\IMA_OOAD\objectdb\objectdb.conf

[2018-11-15 23:19:37 #3 type] 
Type classss.Subject is not enhanced.

[2018-11-15 23:19:37 #4 type] 
Type classss.Account is not enhanced.

[2018-11-15 23:19:37 #5 type] 
Type classss.Student is not enhanced.

[2018-11-15 23:19:37 #6 type] 
Type classss.Teacher is not enhanced.

[2018-11-15 23:19:37 #7 type] 
Type classss.Announcement is not enhanced.

[2018-11-15 23:19:37 #8 type] 
Type classss.Score is not enhanced.

------------------------------------------------------------------------------------------------------------------------

[2018-11-15 23:19:50 #1 store] 
Database 'E:\IMA_OOAD\objectdb\db\AccountDB.odb' has been recovered (tr. 90-90)

[2018-11-15 23:19:50 #2 store] 
Database 'E:\IMA_OOAD\objectdb\db\AccountDB.odb' is opened by 15428@DESKTOP-CBH5LMM

[2018-11-15 23:19:50 #3 store] 
Configuration path: E:\IMA_OOAD\objectdb\objectdb.conf

[2018-11-15 23:20:04 #4 store] 
Database 'E:\IMA_OOAD\objectdb\db\AccountDB.odb' is closed by 15428@DESKTOP-CBH5LMM

------------------------------------------------------------------------------------------------------------------------

[2018-11-15 23:21:58 #1 store] 
Database 'E:\IMA_OOAD\objectdb\db\AccountDB.odb' is opened by 15776@DESKTOP-CBH5LMM

[2018-11-15 23:21:58 #2 store] 
Configuration path: E:\IMA_OOAD\objectdb\objectdb.conf

[2018-11-15 23:21:59 #3 type] 
Type classss.Subject is not enhanced.

[2018-11-15 23:21:59 #4 type] 
Type classss.Account is not enhanced.

[2018-11-15 23:21:59 #5 type] 
Type classss.Student is not enhanced.

[2018-11-15 23:21:59 #6 type] 
Type classss.Teacher is not enhanced.

[2018-11-15 23:21:59 #7 type] 
Type classss.Announcement is not enhanced.

[2018-11-15 23:21:59 #8 type] 
Type classss.Score is not enhanced.

------------------------------------------------------------------------------------------------------------------------

[2018-11-15 23:26:54 #1 store] 
Database 'E:\IMA_OOAD\objectdb\db\AccountDB.odb' has been recovered (tr. 91-113)

[2018-11-15 23:26:54 #2 store] 
Database 'E:\IMA_OOAD\objectdb\db\AccountDB.odb' is opened by 9884@DESKTOP-CBH5LMM

[2018-11-15 23:26:54 #3 store] 
Configuration path: E:\IMA_OOAD\objectdb\objectdb.conf

[2018-11-15 23:26:54 #4 type] 
Type classss.Subject is not enhanced.

[2018-11-15 23:26:54 #5 type] 
Type classss.Account is not enhanced.

[2018-11-15 23:26:54 #6 type] 
Type classss.Student is not enhanced.

[2018-11-15 23:26:54 #7 type] 
Type classss.Teacher is not enhanced.

[2018-11-15 23:26:54 #8 type] 
Type classss.Announcement is not enhanced.

[2018-11-15 23:26:54 #9 type] 
Type classss.Score is not enhanced.

------------------------------------------------------------------------------------------------------------------------

[2018-11-15 23:29:42 #1 store] 
Database 'E:\IMA_OOAD\objectdb\db\AccountDB.odb' is opened by 8064@DESKTOP-CBH5LMM

[2018-11-15 23:29:42 #2 store] 
Configuration path: E:\IMA_OOAD\objectdb\objectdb.conf

[2018-11-15 23:29:42 #3 type] 
Type classss.Subject is not enhanced.

[2018-11-15 23:29:42 #4 type] 
Type classss.Account is not enhanced.

[2018-11-15 23:29:42 #5 type] 
Type classss.Student is not enhanced.

[2018-11-15 23:29:42 #6 type] 
Type classss.Teacher is not enhanced.

[2018-11-15 23:29:42 #7 type] 
Type classss.Announcement is not enhanced.

[2018-11-15 23:29:42 #8 type] 
Type classss.Score is not enhanced.

------------------------------------------------------------------------------------------------------------------------

[2018-11-15 23:38:17 #1 store] 
Database 'E:\IMA_OOAD\objectdb\db\AccountDB.odb' is opened by 6964@DESKTOP-CBH5LMM

[2018-11-15 23:38:17 #2 store] 
Configuration path: E:\IMA_OOAD\objectdb\objectdb.conf

[2018-11-15 23:38:17 #3 type] 
Type classss.Subject is not enhanced.

[2018-11-15 23:38:17 #4 type] 
Type classss.Account is not enhanced.

[2018-11-15 23:38:17 #5 type] 
Type classss.Student is not enhanced.

[2018-11-15 23:38:17 #6 type] 
Type classss.Teacher is not enhanced.

[2018-11-15 23:38:17 #7 type] 
Type classss.Announcement is not enhanced.

[2018-11-15 23:38:17 #8 type] 
Type classss.Score is not enhanced.

------------------------------------------------------------------------------------------------------------------------

[2018-11-15 23:43:30 #1 store] 
Database 'E:\IMA_OOAD\objectdb\db\AccountDB.odb' has been recovered (tr. 114-120)

[2018-11-15 23:43:30 #2 store] 
Database 'E:\IMA_OOAD\objectdb\db\AccountDB.odb' is opened by 14856@DESKTOP-CBH5LMM

[2018-11-15 23:43:30 #3 store] 
Configuration path: E:\IMA_OOAD\objectdb\objectdb.conf

[2018-11-15 23:43:30 #4 type] 
Type classss.Subject is not enhanced.

[2018-11-15 23:43:30 #5 type] 
Type classss.Account is not enhanced.

[2018-11-15 23:43:30 #6 type] 
Type classss.Student is not enhanced.

[2018-11-15 23:43:30 #7 type] 
Type classss.Teacher is not enhanced.

[2018-11-15 23:43:30 #8 type] 
Type classss.Announcement is not enhanced.

[2018-11-15 23:43:30 #9 type] 
Type classss.Score is not enhanced.

------------------------------------------------------------------------------------------------------------------------

[2018-11-15 23:48:34 #1 store] 
Database 'E:\IMA_OOAD\objectdb\db\AccountDB.odb' is opened by 12328@DESKTOP-CBH5LMM

[2018-11-15 23:48:34 #2 store] 
Configuration path: E:\IMA_OOAD\objectdb\objectdb.conf

[2018-11-15 23:48:34 #3 type] 
Type classss.Subject is not enhanced.

[2018-11-15 23:48:34 #4 type] 
Type classss.Account is not enhanced.

[2018-11-15 23:48:34 #5 type] 
Type classss.Student is not enhanced.

[2018-11-15 23:48:34 #6 type] 
Type classss.Teacher is not enhanced.

[2018-11-15 23:48:34 #7 type] 
Type classss.Announcement is not enhanced.

[2018-11-15 23:48:34 #8 type] 
Type classss.Score is not enhanced.

------------------------------------------------------------------------------------------------------------------------

[2018-11-15 23:54:41 #1 store] 
Database 'E:\IMA_OOAD\objectdb\db\AccountDB.odb' has been recovered (tr. 121-149)

[2018-11-15 23:54:41 #2 store] 
Database 'E:\IMA_OOAD\objectdb\db\AccountDB.odb' is opened by 12468@DESKTOP-CBH5LMM

[2018-11-15 23:54:41 #3 store] 
Configuration path: E:\IMA_OOAD\objectdb\objectdb.conf

[2018-11-15 23:54:42 #4 type] 
Type classss.Subject is not enhanced.

[2018-11-15 23:54:42 #5 type] 
Type classss.Account is not enhanced.

[2018-11-15 23:54:42 #6 type] 
Type classss.Student is not enhanced.

[2018-11-15 23:54:42 #7 type] 
Type classss.Teacher is not enhanced.

[2018-11-15 23:54:42 #8 type] 
Type classss.Announcement is not enhanced.

[2018-11-15 23:54:42 #9 type] 
Type classss.Score is not enhanced.

