------------------------------------------------------------------------------------------------------------------------

[2018-11-16 00:21:58 #1 store] 
Database 'E:\IMA_OOAD\objectdb\db\AccountDB.odb' has been recovered (tr. 150-152)

[2018-11-16 00:21:58 #2 store] 
Database 'E:\IMA_OOAD\objectdb\db\AccountDB.odb' is opened by 8812@DESKTOP-CBH5LMM

[2018-11-16 00:21:58 #3 store] 
Configuration path: E:\IMA_OOAD\objectdb\objectdb.conf

[2018-11-16 00:21:58 #4 type] 
Type classss.Subject is not enhanced.

[2018-11-16 00:21:58 #5 type] 
Type classss.Account is not enhanced.

[2018-11-16 00:21:58 #6 type] 
Type classss.Student is not enhanced.

[2018-11-16 00:21:58 #7 type] 
Type classss.Teacher is not enhanced.

[2018-11-16 00:21:58 #8 type] 
Type classss.Announcement is not enhanced.

[2018-11-16 00:21:58 #9 type] 
Type classss.Score is not enhanced.

------------------------------------------------------------------------------------------------------------------------

[2018-11-16 00:23:14 #1 store] 
Database 'E:\IMA_OOAD\objectdb\db\AccountDB.odb' is opened by 13060@DESKTOP-CBH5LMM

[2018-11-16 00:23:14 #2 store] 
Configuration path: E:\IMA_OOAD\objectdb\objectdb.conf

[2018-11-16 00:23:14 #3 type] 
Type classss.Subject is not enhanced.

[2018-11-16 00:23:14 #4 type] 
Type classss.Account is not enhanced.

[2018-11-16 00:23:14 #5 type] 
Type classss.Student is not enhanced.

[2018-11-16 00:23:14 #6 type] 
Type classss.Teacher is not enhanced.

[2018-11-16 00:23:14 #7 type] 
Type classss.Announcement is not enhanced.

[2018-11-16 00:23:14 #8 type] 
Type classss.Score is not enhanced.

------------------------------------------------------------------------------------------------------------------------

[2018-11-16 00:23:59 #1 store] 
Database 'E:\IMA_OOAD\objectdb\db\AccountDB.odb' is opened by 6052@DESKTOP-CBH5LMM

[2018-11-16 00:23:59 #2 store] 
Configuration path: E:\IMA_OOAD\objectdb\objectdb.conf

[2018-11-16 00:23:59 #3 type] 
Type classss.Subject is not enhanced.

[2018-11-16 00:23:59 #4 type] 
Type classss.Account is not enhanced.

[2018-11-16 00:23:59 #5 type] 
Type classss.Student is not enhanced.

[2018-11-16 00:23:59 #6 type] 
Type classss.Teacher is not enhanced.

[2018-11-16 00:23:59 #7 type] 
Type classss.Announcement is not enhanced.

[2018-11-16 00:23:59 #8 type] 
Type classss.Score is not enhanced.

------------------------------------------------------------------------------------------------------------------------

[2018-11-16 00:24:35 #1 store] 
Database 'E:\IMA_OOAD\objectdb\db\AccountDB.odb' is opened by 6444@DESKTOP-CBH5LMM

[2018-11-16 00:24:35 #2 store] 
Configuration path: E:\IMA_OOAD\objectdb\objectdb.conf

[2018-11-16 00:24:35 #3 type] 
Type classss.Subject is not enhanced.

[2018-11-16 00:24:35 #4 type] 
Type classss.Account is not enhanced.

[2018-11-16 00:24:35 #5 type] 
Type classss.Student is not enhanced.

[2018-11-16 00:24:35 #6 type] 
Type classss.Teacher is not enhanced.

[2018-11-16 00:24:35 #7 type] 
Type classss.Announcement is not enhanced.

[2018-11-16 00:24:35 #8 type] 
Type classss.Score is not enhanced.

------------------------------------------------------------------------------------------------------------------------

[2018-11-16 00:47:46 #1 store] 
Database 'E:\IMA_OOAD\objectdb\db\AccountDB.odb' has been recovered (tr. 153-156)

[2018-11-16 00:47:46 #2 store] 
Database 'E:\IMA_OOAD\objectdb\db\AccountDB.odb' is opened by 9824@DESKTOP-CBH5LMM

[2018-11-16 00:47:46 #3 store] 
Configuration path: E:\IMA_OOAD\objectdb\objectdb.conf

[2018-11-16 00:47:46 #4 type] 
Type classss.Subject is not enhanced.

[2018-11-16 00:47:46 #5 type] 
Type classss.Account is not enhanced.

[2018-11-16 00:47:46 #6 type] 
Type classss.Student is not enhanced.

[2018-11-16 00:47:46 #7 type] 
Type classss.Teacher is not enhanced.

[2018-11-16 00:47:46 #8 type] 
Type classss.Announcement is not enhanced.

[2018-11-16 00:47:46 #9 type] 
Type classss.Score is not enhanced.

------------------------------------------------------------------------------------------------------------------------

[2018-11-16 01:01:38 #1 store] 
Database 'E:\IMA_OOAD\objectdb\db\AccountDB.odb' has been recovered (tr. 157-190)

[2018-11-16 01:01:38 #2 store] 
Database 'E:\IMA_OOAD\objectdb\db\AccountDB.odb' is opened by 11236@DESKTOP-CBH5LMM

[2018-11-16 01:01:38 #3 store] 
Configuration path: E:\IMA_OOAD\objectdb\objectdb.conf

[2018-11-16 01:01:38 #4 type] 
Type classss.Subject is not enhanced.

[2018-11-16 01:01:38 #5 type] 
Type classss.Account is not enhanced.

[2018-11-16 01:01:38 #6 type] 
Type classss.Student is not enhanced.

[2018-11-16 01:01:38 #7 type] 
Type classss.Teacher is not enhanced.

[2018-11-16 01:01:38 #8 type] 
Type classss.Announcement is not enhanced.

[2018-11-16 01:01:38 #9 type] 
Type classss.Score is not enhanced.

