------------------------------------------------------------------------------------------------------------------------

[2018-11-17 12:19:35 #1 store] 
Database 'E:\IMA_OOAD\objectdb\db\AccountDB.odb' is opened by 7796@DESKTOP-CBH5LMM

[2018-11-17 12:19:35 #2 store] 
Configuration path: E:\IMA_OOAD\objectdb\objectdb.conf

[2018-11-17 12:19:36 #3 type] 
Type classss.Subject is not enhanced.

[2018-11-17 12:19:36 #4 type] 
Type classss.Account is not enhanced.

[2018-11-17 12:19:36 #5 type] 
Type classss.Student is not enhanced.

[2018-11-17 12:19:36 #6 type] 
Type classss.Teacher is not enhanced.

[2018-11-17 12:19:36 #7 type] 
Type classss.Announcement is not enhanced.

[2018-11-17 12:19:36 #8 type] 
Type classss.Score is not enhanced.

------------------------------------------------------------------------------------------------------------------------

[2018-11-17 13:02:45 #1 store] 
Database 'E:\IMA_OOAD\objectdb\db\AccountDB.odb' has been recovered (tr. 469-482)

[2018-11-17 13:02:45 #2 store] 
Database 'E:\IMA_OOAD\objectdb\db\AccountDB.odb' is opened by 10396@DESKTOP-CBH5LMM

[2018-11-17 13:02:45 #3 store] 
Configuration path: E:\IMA_OOAD\objectdb\objectdb.conf

[2018-11-17 13:02:46 #4 type] 
Type classss.Subject is not enhanced.

[2018-11-17 13:02:46 #5 type] 
Type classss.Account is not enhanced.

[2018-11-17 13:02:46 #6 type] 
Type classss.Student is not enhanced.

[2018-11-17 13:02:46 #7 type] 
Type classss.Teacher is not enhanced.

[2018-11-17 13:02:46 #8 type] 
Type classss.Announcement is not enhanced.

[2018-11-17 13:02:46 #9 type] 
Type classss.Score is not enhanced.

------------------------------------------------------------------------------------------------------------------------

[2018-11-17 13:40:29 #1 store] 
Database 'E:\IMA_OOAD\objectdb\db\AccountDB.odb' has been recovered (tr. 483-492)

[2018-11-17 13:40:29 #2 store] 
Database 'E:\IMA_OOAD\objectdb\db\AccountDB.odb' is opened by 1660@DESKTOP-CBH5LMM

[2018-11-17 13:40:29 #3 store] 
Configuration path: E:\IMA_OOAD\objectdb\objectdb.conf

[2018-11-17 13:40:29 #4 type] 
Type classss.Subject is not enhanced.

[2018-11-17 13:40:29 #5 type] 
Type classss.Account is not enhanced.

[2018-11-17 13:40:29 #6 type] 
Type classss.Student is not enhanced.

[2018-11-17 13:40:29 #7 type] 
Type classss.Teacher is not enhanced.

[2018-11-17 13:40:29 #8 type] 
Type classss.Announcement is not enhanced.

[2018-11-17 13:40:29 #9 type] 
Type classss.Score is not enhanced.

------------------------------------------------------------------------------------------------------------------------

[2018-11-17 15:52:50 #1 store] 
Database 'E:\IMA_OOAD\objectdb\db\AccountDB.odb' is opened by 3640@DESKTOP-CBH5LMM

[2018-11-17 15:52:50 #2 store] 
Configuration path: E:\IMA_OOAD\objectdb\objectdb.conf

[2018-11-17 15:52:50 #3 type] 
Type classss.Subject is not enhanced.

[2018-11-17 15:52:50 #4 type] 
Type classss.Account is not enhanced.

[2018-11-17 15:52:50 #5 type] 
Type classss.Student is not enhanced.

[2018-11-17 15:52:50 #6 type] 
Type classss.Teacher is not enhanced.

[2018-11-17 15:52:50 #7 type] 
Type classss.Announcement is not enhanced.

[2018-11-17 15:52:50 #8 type] 
Type classss.Score is not enhanced.

------------------------------------------------------------------------------------------------------------------------

[2018-11-17 19:01:03 #1 store] 
Database 'E:\IMA_OOAD\objectdb\db\AccountDB.odb' is opened by 9208@DESKTOP-CBH5LMM

[2018-11-17 19:01:03 #2 store] 
Configuration path: E:\IMA_OOAD\objectdb\objectdb.conf

[2018-11-17 19:01:03 #3 type.registry] 
New type classss.Account

[2018-11-17 19:01:03 #4 type.registry] 
New type classss.Student

[2018-11-17 19:01:03 #5 type] 
Type classss.Account is not enhanced.

[2018-11-17 19:01:03 #6 type] 
Type classss.Student is not enhanced.

[2018-11-17 19:01:03 #7 type.registry] 
New type classss.Subject

[2018-11-17 19:01:03 #8 type] 
Type classss.Subject is not enhanced.

[2018-11-17 19:01:03 #9 type.registry] 
New type classss.Teacher

[2018-11-17 19:01:03 #10 type.registry] 
New type classss.Announcement

[2018-11-17 19:01:03 #11 type] 
Type classss.Teacher is not enhanced.

[2018-11-17 19:01:03 #12 type] 
Type classss.Announcement is not enhanced.

[2018-11-17 19:01:03 #13 type.registry] 
New type java.util.ArrayList<java.lang.Object>

[2018-11-17 19:01:03 #14 type.registry] 
New type java.util.ArrayList<classss.Subject>

[2018-11-17 19:01:03 #15 store] 
Database 'E:\IMA_OOAD\objectdb\db\AccountDB.odb' is closed by 9208@DESKTOP-CBH5LMM

[2018-11-17 19:01:12 #16 store] 
Database 'E:\IMA_OOAD\objectdb\db\AccountDB.odb' is opened by 9208@DESKTOP-CBH5LMM

[2018-11-17 19:01:12 #17 store] 
Configuration path: E:\IMA_OOAD\objectdb\objectdb.conf

[2018-11-17 19:01:50 #18 type.registry] 
New type com.objectdb.o.LMT

[2018-11-17 19:01:50 #19 type.registry] 
New type com.objectdb.o.VAL

[2018-11-17 19:01:50 #20 type.registry] 
New type com.objectdb.o.RFV

[2018-11-17 19:02:15 #21 type.registry] 
New type java.util.ArrayList<classss.Student>

[2018-11-17 19:02:15 #22 type.registry] 
New type java.util.ArrayList<classss.Announcement>

------------------------------------------------------------------------------------------------------------------------

[2018-11-17 19:21:32 #1 store] 
Database 'E:\IMA_OOAD\objectdb\db\AccountDB.odb' has been recovered (tr. 8-21)

[2018-11-17 19:21:32 #2 store] 
Database 'E:\IMA_OOAD\objectdb\db\AccountDB.odb' is opened by 9324@DESKTOP-CBH5LMM

[2018-11-17 19:21:32 #3 store] 
Configuration path: E:\IMA_OOAD\objectdb\objectdb.conf

[2018-11-17 19:21:33 #4 type] 
Type classss.Account is not enhanced.

[2018-11-17 19:21:33 #5 type] 
Type classss.Student is not enhanced.

[2018-11-17 19:21:33 #6 type] 
Type classss.Subject is not enhanced.

[2018-11-17 19:21:33 #7 type] 
Type classss.Teacher is not enhanced.

[2018-11-17 19:21:33 #8 type] 
Type classss.Announcement is not enhanced.

[2018-11-17 19:21:37 #9 type.registry] 
New type classss.Score

[2018-11-17 19:21:37 #10 type] 
Type classss.Score is not enhanced.

------------------------------------------------------------------------------------------------------------------------

[2018-11-17 19:25:37 #1 store] 
Database 'E:\IMA_OOAD\objectdb\db\AccountDB.odb' has been recovered (tr. 22-22)

[2018-11-17 19:25:37 #2 store] 
Database 'E:\IMA_OOAD\objectdb\db\AccountDB.odb' is opened by 13604@DESKTOP-CBH5LMM

[2018-11-17 19:25:37 #3 store] 
Configuration path: E:\IMA_OOAD\objectdb\objectdb.conf

[2018-11-17 19:25:37 #4 type] 
Type classss.Account is not enhanced.

[2018-11-17 19:25:37 #5 type] 
Type classss.Student is not enhanced.

[2018-11-17 19:25:37 #6 type] 
Type classss.Subject is not enhanced.

[2018-11-17 19:25:37 #7 type] 
Type classss.Teacher is not enhanced.

[2018-11-17 19:25:37 #8 type] 
Type classss.Announcement is not enhanced.

[2018-11-17 19:25:37 #9 type] 
Type classss.Score is not enhanced.

------------------------------------------------------------------------------------------------------------------------

[2018-11-17 19:27:13 #1 store] 
Database 'E:\IMA_OOAD\objectdb\db\AccountDB.odb' has been recovered (tr. 23-23)

[2018-11-17 19:27:14 #2 store] 
Database 'E:\IMA_OOAD\objectdb\db\AccountDB.odb' is opened by 10476@DESKTOP-CBH5LMM

[2018-11-17 19:27:14 #3 store] 
Configuration path: E:\IMA_OOAD\objectdb\objectdb.conf

[2018-11-17 19:27:14 #4 type] 
Type classss.Account is not enhanced.

[2018-11-17 19:27:14 #5 type] 
Type classss.Student is not enhanced.

[2018-11-17 19:27:14 #6 type] 
Type classss.Subject is not enhanced.

[2018-11-17 19:27:14 #7 type] 
Type classss.Teacher is not enhanced.

[2018-11-17 19:27:14 #8 type] 
Type classss.Announcement is not enhanced.

[2018-11-17 19:27:14 #9 type] 
Type classss.Score is not enhanced.

